2013-10-25T02:49:14Z
{"log_client_id":"98740","log_method":"PRODUCTAREA - GET","log_url":"api\/productarea\/hk\/98740","log_request":"false","log_response":"{\"rc\":999,\"success\":false,\"message\":[\"Product Area List: No Records Found.\"]}"}

2013-10-25T02:49:37Z
{"log_client_id":"98740","log_method":"PRODUCTAREA - GET","log_url":"api\/productarea\/hk\/98740","log_request":"false","log_response":"{\"rc\":999,\"success\":false,\"message\":[\"Product Area List: No Records Found.\"]}"}

2013-10-25T03:04:07Z
{"log_client_id":"98740","log_method":"PRODUCTAREA - GET","log_url":"api\/productarea\/hk\/98740","log_request":"false","log_response":"{\"rc\":999,\"success\":false,\"message\":[\"Product Area List: No Records Found.\"]}"}

2013-10-25T03:04:54Z
{"log_client_id":"98740","log_method":"PRODUCTAREA - GET","log_url":"api\/productarea\/hk\/98740","log_request":"false","log_response":"{\"rc\":999,\"success\":false,\"message\":[\"Product Area List: No Records Found.\"]}"}

2013-10-25T03:05:45Z
{"log_client_id":"98740","log_method":"PRODUCTAREA - GET","log_url":"api\/productarea\/hk\/98740","log_request":"false","log_response":"{\"rc\":999,\"success\":false,\"message\":[\"Product Area List: No Records Found.\"]}"}

2013-10-25T03:05:54Z
{"log_client_id":"98740","log_method":"PRODUCTAREA - GET","log_url":"api\/productarea\/hk\/98740","log_request":"false","log_response":"{\"rc\":0,\"success\":true,\"data\":{\"productarealist\":[{\"area_id\":\"1\",\"area_name\":\"Taguig City\",\"area_description\":\"Taguig City\",\"area_active\":\"1\"}]}}"}

2013-10-25T03:06:00Z
{"log_client_id":"98740","log_method":"PRODUCTAREA - GET","log_url":"api\/productarea\/hk\/98740\/1","log_request":"false","log_response":"{\"rc\":0,\"success\":true,\"data\":{\"productareainfo\":[{\"area_id\":\"1\",\"area_name\":\"Taguig City\",\"area_description\":\"Taguig City\",\"area_active\":\"1\"}]}}"}

2013-10-25T03:06:11Z
{"log_client_id":"98740","log_method":"PRODUCTAREA - GET","log_url":"api\/productarea\/hk\/98740\/1","log_request":"false","log_response":"{\"rc\":0,\"success\":true,\"data\":{\"productareainfo\":[{\"area_id\":\"1\",\"area_name\":\"Taguig City\",\"area_description\":\"Taguig City\",\"area_active\":\"1\"}]}}"}

2013-10-25T03:06:12Z
{"log_client_id":"98740","log_method":"PRODUCTAREA - GET","log_url":"api\/productarea\/hk\/98740","log_request":"false","log_response":"{\"rc\":0,\"success\":true,\"data\":{\"productarealist\":[{\"area_id\":\"1\",\"area_name\":\"C5 Taguig City\",\"area_description\":\"C5 Taguig City\",\"area_active\":\"1\"}]}}"}

2013-10-25T03:06:18Z
{"log_client_id":"98740","log_method":"PRODUCTAREA - GET","log_url":"api\/productarea\/hk\/98740\/1","log_request":"false","log_response":"{\"rc\":0,\"success\":true,\"data\":{\"productareainfo\":[{\"area_id\":\"1\",\"area_name\":\"C5 Taguig City\",\"area_description\":\"C5 Taguig City\",\"area_active\":\"1\"}]}}"}

2013-10-25T03:06:27Z
{"log_client_id":"98740","log_method":"PRODUCTAREA - GET","log_url":"api\/productarea\/hk\/98740\/1","log_request":"false","log_response":"{\"rc\":0,\"success\":true,\"data\":{\"productareainfo\":[{\"area_id\":\"1\",\"area_name\":\"C5 Taguig City\",\"area_description\":\"C5 Taguig City\",\"area_active\":\"1\"}]}}"}

2013-10-25T03:06:28Z
{"log_client_id":"98740","log_method":"PRODUCTAREA - GET","log_url":"api\/productarea\/hk\/98740","log_request":"false","log_response":"{\"rc\":0,\"success\":true,\"data\":{\"productarealist\":[{\"area_id\":\"1\",\"area_name\":\"Taguig City\",\"area_description\":\"Taguig City\",\"area_active\":\"1\"}]}}"}

2013-10-25T03:25:43Z
{"log_client_id":"98740","log_method":"PRODUCTAREA - GET","log_url":"api\/productarea\/hk\/98740","log_request":"false","log_response":"{\"rc\":0,\"success\":true,\"data\":{\"productarealist\":[{\"area_id\":\"1\",\"area_name\":\"Taguig City\",\"area_description\":\"Taguig City\",\"area_active\":\"1\"}]}}"}

2013-10-25T03:27:44Z
{"log_client_id":"98740","log_method":"PRODUCTAREA - GET","log_url":"api\/productarea\/hk\/98740","log_request":"false","log_response":"{\"rc\":0,\"success\":true,\"data\":{\"productarealist\":[{\"area_id\":\"1\",\"area_name\":\"Taguig City\",\"area_description\":\"Taguig City\",\"area_active\":\"1\"}]}}"}

2013-10-25T03:35:51Z
{"log_client_id":"98740","log_method":"PRODUCTAREA - GET","log_url":"api\/productarea\/hk\/98740","log_request":"false","log_response":"{\"rc\":0,\"success\":true,\"data\":{\"productarealist\":[{\"area_id\":\"1\",\"area_name\":\"Taguig City\",\"area_description\":\"Taguig City\",\"area_active\":\"1\"}]}}"}

2013-10-25T03:42:48Z
{"log_client_id":"98740","log_method":"PRODUCTAREA - GET","log_url":"api\/productarea\/hk\/98740","log_request":"false","log_response":"{\"rc\":0,\"success\":true,\"data\":{\"productarealist\":[{\"area_id\":\"1\",\"area_name\":\"Taguig City\",\"area_description\":\"Taguig City\",\"area_active\":\"1\"}]}}"}

2013-10-25T04:09:54Z
{"log_client_id":"98740","log_method":"PRODUCTAREA - GET","log_url":"api\/productarea\/hk\/98740","log_request":"false","log_response":"{\"rc\":0,\"success\":true,\"data\":{\"productarealist\":[{\"area_id\":\"1\",\"area_name\":\"Taguig City\",\"area_description\":\"Taguig City\",\"area_active\":\"1\"}]}}"}

2013-10-25T04:18:49Z
{"log_client_id":"98740","log_method":"PRODUCTAREA - GET","log_url":"api\/productarea\/hk\/98740","log_request":"false","log_response":"{\"rc\":0,\"success\":true,\"data\":{\"productarealist\":[{\"area_id\":\"1\",\"area_name\":\"Taguig City\",\"area_description\":\"Taguig City\",\"area_active\":\"1\"}]}}"}

2013-10-25T04:44:21Z
{"log_client_id":"98740","log_method":"PRODUCTAREA - GET","log_url":"api\/productarea\/hk\/98740","log_request":"false","log_response":"{\"rc\":0,\"success\":true,\"data\":{\"productarealist\":[{\"area_id\":\"1\",\"area_name\":\"Taguig City\",\"area_description\":\"Taguig City\",\"area_active\":\"1\"}]}}"}

2013-10-25T04:52:07Z
{"log_client_id":"98740","log_method":"PRODUCTAREA - GET","log_url":"api\/productarea\/my\/98740","log_request":"false","log_response":"{\"rc\":999,\"success\":false,\"message\":[\"Product Area List: No Records Found.\"]}"}

2013-10-25T04:52:59Z
{"log_client_id":"98740","log_method":"PRODUCTAREA - GET","log_url":"api\/productarea\/my\/98740","log_request":"false","log_response":"{\"rc\":999,\"success\":false,\"message\":[\"Product Area List: No Records Found.\"]}"}

2013-10-25T04:54:14Z
{"log_client_id":"98740","log_method":"PRODUCTAREA - GET","log_url":"api\/productarea\/my\/98740","log_request":"false","log_response":"{\"rc\":999,\"success\":false,\"message\":[\"Product Area List: No Records Found.\"]}"}

2013-10-25T04:54:45Z
{"log_client_id":"98740","log_method":"PRODUCTAREA - GET","log_url":"api\/productarea\/my\/98740","log_request":"false","log_response":"{\"rc\":0,\"success\":true,\"data\":{\"productarealist\":[{\"area_id\":\"1\",\"area_name\":\"Kuala Lumpur\",\"area_description\":\"KL\",\"area_active\":\"1\"}]}}"}

2013-10-25T04:54:52Z
{"log_client_id":"98740","log_method":"PRODUCTAREA - GET","log_url":"api\/productarea\/my\/98740","log_request":"false","log_response":"{\"rc\":0,\"success\":true,\"data\":{\"productarealist\":[{\"area_id\":\"1\",\"area_name\":\"Kuala Lumpur\",\"area_description\":\"KL\",\"area_active\":\"1\"}]}}"}

2013-10-25T04:55:03Z
{"log_client_id":"98740","log_method":"PRODUCTAREA - GET","log_url":"api\/productarea\/my\/98740","log_request":"false","log_response":"{\"rc\":0,\"success\":true,\"data\":{\"productarealist\":[{\"area_id\":\"1\",\"area_name\":\"Kuala Lumpur\",\"area_description\":\"KL\",\"area_active\":\"1\"}]}}"}

2013-10-25T04:58:21Z
{"log_client_id":"98740","log_method":"PRODUCTAREA - GET","log_url":"api\/productarea\/my\/98740","log_request":"false","log_response":"{\"rc\":0,\"success\":true,\"data\":{\"productarealist\":[{\"area_id\":\"1\",\"area_name\":\"Kuala Lumpur\",\"area_description\":\"KL\",\"area_active\":\"1\"}]}}"}

2013-10-25T07:58:10Z
{"log_client_id":"98740","log_method":"PRODUCTAREA - GET","log_url":"api\/productarea\/hk\/98740","log_request":"false","log_response":"{\"rc\":0,\"success\":true,\"data\":{\"productarealist\":[{\"area_id\":\"1\",\"area_name\":\"Taguig City\",\"area_description\":\"Taguig City\",\"area_active\":\"1\"}]}}"}

2013-10-25T07:58:21Z
{"log_client_id":"98740","log_method":"PRODUCTAREA - GET","log_url":"api\/productarea\/hk\/98740","log_request":"false","log_response":"{\"rc\":0,\"success\":true,\"data\":{\"productarealist\":[{\"area_id\":\"1\",\"area_name\":\"Taguig City\",\"area_description\":\"Taguig City\",\"area_active\":\"1\"}]}}"}

2013-10-25T08:01:17Z
{"log_client_id":"98740","log_method":"PRODUCTAREA - GET","log_url":"api\/productarea\/hk\/98740","log_request":"false","log_response":"{\"rc\":0,\"success\":true,\"data\":{\"productarealist\":[{\"area_id\":\"1\",\"area_name\":\"Taguig City\",\"area_description\":\"Taguig City\",\"area_active\":\"1\"}]}}"}

2013-10-25T08:02:08Z
{"log_client_id":"98740","log_method":"PRODUCTAREA - GET","log_url":"api\/productarea\/hk\/98740","log_request":"false","log_response":"{\"rc\":0,\"success\":true,\"data\":{\"productarealist\":[{\"area_id\":\"1\",\"area_name\":\"Taguig City\",\"area_description\":\"Taguig City\",\"area_active\":\"1\"}]}}"}

2013-10-25T08:02:34Z
{"log_client_id":"98740","log_method":"PRODUCTAREA - GET","log_url":"api\/productarea\/hk\/98740","log_request":"false","log_response":"{\"rc\":0,\"success\":true,\"data\":{\"productarealist\":[{\"area_id\":\"1\",\"area_name\":\"Taguig City\",\"area_description\":\"Taguig City\",\"area_active\":\"1\"}]}}"}

2013-10-25T08:05:51Z
{"log_client_id":"98740","log_method":"PRODUCTAREA - GET","log_url":"api\/productarea\/hk\/98740","log_request":"false","log_response":"{\"rc\":0,\"success\":true,\"data\":{\"productarealist\":[{\"area_id\":\"1\",\"area_name\":\"Taguig City\",\"area_description\":\"Taguig City\",\"area_active\":\"1\"}]}}"}

2013-10-25T08:06:22Z
{"log_client_id":"98740","log_method":"PRODUCTAREA - GET","log_url":"api\/productarea\/hk\/98740","log_request":"false","log_response":"{\"rc\":0,\"success\":true,\"data\":{\"productarealist\":[{\"area_id\":\"1\",\"area_name\":\"Taguig City\",\"area_description\":\"Taguig City\",\"area_active\":\"1\"}]}}"}

2013-10-25T08:07:47Z
{"log_client_id":"98740","log_method":"PRODUCTAREA - GET","log_url":"api\/productarea\/hk\/98740","log_request":"false","log_response":"{\"rc\":0,\"success\":true,\"data\":{\"productarealist\":[{\"area_id\":\"1\",\"area_name\":\"Taguig City\",\"area_description\":\"Taguig City\",\"area_active\":\"1\"}]}}"}

2013-10-25T08:08:01Z
{"log_client_id":"98740","log_method":"PRODUCTAREA - GET","log_url":"api\/productarea\/hk\/98740","log_request":"false","log_response":"{\"rc\":0,\"success\":true,\"data\":{\"productarealist\":[{\"area_id\":\"1\",\"area_name\":\"Taguig City\",\"area_description\":\"Taguig City\",\"area_active\":\"1\"}]}}"}

2013-10-25T08:08:22Z
{"log_client_id":"98740","log_method":"PRODUCTAREA - GET","log_url":"api\/productarea\/hk\/98740","log_request":"false","log_response":"{\"rc\":0,\"success\":true,\"data\":{\"productarealist\":[{\"area_id\":\"1\",\"area_name\":\"Taguig City\",\"area_description\":\"Taguig City\",\"area_active\":\"1\"}]}}"}

2013-10-25T08:13:50Z
{"log_client_id":"98740","log_method":"PRODUCTAREA - GET","log_url":"api\/productarea\/hk\/98740","log_request":"false","log_response":"{\"rc\":0,\"success\":true,\"data\":{\"productarealist\":[{\"area_id\":\"1\",\"area_name\":\"Taguig City\",\"area_description\":\"Taguig City\",\"area_active\":\"1\"}]}}"}

2013-10-25T08:14:37Z
{"log_client_id":"98740","log_method":"PRODUCTAREA - GET","log_url":"api\/productarea\/hk\/98740","log_request":"false","log_response":"{\"rc\":0,\"success\":true,\"data\":{\"productarealist\":[{\"area_id\":\"1\",\"area_name\":\"Taguig City\",\"area_description\":\"Taguig City\",\"area_active\":\"1\"}]}}"}

2013-10-25T08:16:22Z
{"log_client_id":"98740","log_method":"PRODUCTAREA - GET","log_url":"api\/productarea\/hk\/98740","log_request":"false","log_response":"{\"rc\":0,\"success\":true,\"data\":{\"productarealist\":[{\"area_id\":\"1\",\"area_name\":\"Taguig City\",\"area_description\":\"Taguig City\",\"area_active\":\"1\"}]}}"}

2013-10-25T08:16:32Z
{"log_client_id":"98740","log_method":"PRODUCTAREA - GET","log_url":"api\/productarea\/hk\/98740","log_request":"false","log_response":"{\"rc\":0,\"success\":true,\"data\":{\"productarealist\":[{\"area_id\":\"1\",\"area_name\":\"Taguig City\",\"area_description\":\"Taguig City\",\"area_active\":\"1\"}]}}"}

2013-10-25T08:17:47Z
{"log_client_id":"98740","log_method":"PRODUCTAREA - GET","log_url":"api\/productarea\/hk\/98740","log_request":"false","log_response":"{\"rc\":0,\"success\":true,\"data\":{\"productarealist\":[{\"area_id\":\"1\",\"area_name\":\"Taguig City\",\"area_description\":\"Taguig City\",\"area_active\":\"1\"}]}}"}

2013-10-25T08:19:48Z
{"log_client_id":"98740","log_method":"PRODUCTAREA - GET","log_url":"api\/productarea\/hk\/98740","log_request":"false","log_response":"{\"rc\":0,\"success\":true,\"data\":{\"productarealist\":[{\"area_id\":\"1\",\"area_name\":\"Taguig City\",\"area_description\":\"Taguig City\",\"area_active\":\"1\"}]}}"}

2013-10-25T08:20:56Z
{"log_client_id":"98740","log_method":"PRODUCTAREA - GET","log_url":"api\/productarea\/hk\/98740","log_request":"false","log_response":"{\"rc\":0,\"success\":true,\"data\":{\"productarealist\":[{\"area_id\":\"1\",\"area_name\":\"Taguig City\",\"area_description\":\"Taguig City\",\"area_active\":\"1\"}]}}"}

2013-10-25T08:21:15Z
{"log_client_id":"98740","log_method":"PRODUCTAREA - GET","log_url":"api\/productarea\/hk\/98740","log_request":"false","log_response":"{\"rc\":0,\"success\":true,\"data\":{\"productarealist\":[{\"area_id\":\"1\",\"area_name\":\"Taguig City\",\"area_description\":\"Taguig City\",\"area_active\":\"1\"}]}}"}

2013-10-25T08:31:28Z
{"log_client_id":"98740","log_method":"PRODUCTAREA - GET","log_url":"api\/productarea\/hk\/98740","log_request":"false","log_response":"{\"rc\":0,\"success\":true,\"data\":{\"productarealist\":[{\"area_id\":\"1\",\"area_name\":\"Taguig City\",\"area_description\":\"Taguig City\",\"area_active\":\"1\"}]}}"}

2013-10-25T08:41:18Z
{"log_client_id":"98740","log_method":"PRODUCTAREA - GET","log_url":"api\/productarea\/hk\/98740","log_request":"false","log_response":"{\"rc\":0,\"success\":true,\"data\":{\"productarealist\":[{\"area_id\":\"1\",\"area_name\":\"Taguig City\",\"area_description\":\"Taguig City\",\"area_active\":\"1\"}]}}"}

2013-10-25T08:41:31Z
{"log_client_id":"98740","log_method":"PRODUCTAREA - GET","log_url":"api\/productarea\/hk\/98740\/1","log_request":"false","log_response":"{\"rc\":0,\"success\":true,\"data\":{\"productareainfo\":[{\"area_id\":\"1\",\"area_name\":\"Taguig City\",\"area_description\":\"Taguig City\",\"area_active\":\"1\"}]}}"}

2013-10-25T08:43:59Z
{"log_client_id":"98740","log_method":"PRODUCTAREA - GET","log_url":"api\/productarea\/hk\/98740","log_request":"false","log_response":"{\"rc\":0,\"success\":true,\"data\":{\"productarealist\":[{\"area_id\":\"1\",\"area_name\":\"Taguig City\",\"area_description\":\"Taguig City\",\"area_active\":\"1\"}]}}"}

2013-10-25T09:09:46Z
{"log_client_id":"98740","log_method":"PRODUCTAREA - GET","log_url":"api\/productarea\/my\/98740","log_request":"false","log_response":"{\"rc\":0,\"success\":true,\"data\":{\"productarealist\":[{\"area_id\":\"1\",\"area_name\":\"Kuala Lumpur\",\"area_description\":\"KL\",\"area_active\":\"1\"}]}}"}

2013-10-25T09:22:14Z
{"log_client_id":"98740","log_method":"PRODUCTAREA - GET","log_url":"api\/productarea\/my\/98740","log_request":"false","log_response":"{\"rc\":0,\"success\":true,\"data\":{\"productarealist\":[{\"area_id\":\"1\",\"area_name\":\"Kuala Lumpur\",\"area_description\":\"KL\",\"area_active\":\"1\"}]}}"}

2013-10-25T09:30:06Z
{"log_client_id":"98740","log_method":"PRODUCTAREA - GET","log_url":"api\/productarea\/my\/98740","log_request":"false","log_response":"{\"rc\":0,\"success\":true,\"data\":{\"productarealist\":[{\"area_id\":\"1\",\"area_name\":\"Kuala Lumpur\",\"area_description\":\"KL\",\"area_active\":\"1\"},{\"area_id\":\"2\",\"area_name\":\"Penang\",\"area_description\":\"Penang\",\"area_active\":\"1\"}]}}"}

2013-10-25T09:30:24Z
{"log_client_id":"98740","log_method":"PRODUCTAREA - GET","log_url":"api\/productarea\/my\/98740","log_request":"false","log_response":"{\"rc\":0,\"success\":true,\"data\":{\"productarealist\":[{\"area_id\":\"1\",\"area_name\":\"Kuala Lumpur\",\"area_description\":\"KL\",\"area_active\":\"1\"},{\"area_id\":\"2\",\"area_name\":\"Penang\",\"area_description\":\"Penang\",\"area_active\":\"1\"},{\"area_id\":\"3\",\"area_name\":\"Johor Bahru\",\"area_description\":\"Johor Bahru\",\"area_active\":\"1\"}]}}"}

2013-10-25T09:30:35Z
{"log_client_id":"98740","log_method":"PRODUCTAREA - GET","log_url":"api\/productarea\/my\/98740","log_request":"false","log_response":"{\"rc\":0,\"success\":true,\"data\":{\"productarealist\":[{\"area_id\":\"1\",\"area_name\":\"Kuala Lumpur\",\"area_description\":\"KL\",\"area_active\":\"1\"},{\"area_id\":\"2\",\"area_name\":\"Penang\",\"area_description\":\"Penang\",\"area_active\":\"1\"},{\"area_id\":\"3\",\"area_name\":\"Johor Bahru\",\"area_description\":\"Johor Bahru\",\"area_active\":\"1\"},{\"area_id\":\"4\",\"area_name\":\"Kota Kinabalu\",\"area_description\":\"Kota Kinabalu\",\"area_active\":\"1\"}]}}"}

2013-10-25T09:44:26Z
{"log_client_id":"98740","log_method":"PRODUCTAREA - GET","log_url":"api\/productarea\/hk\/98740","log_request":"false","log_response":"{\"rc\":0,\"success\":true,\"data\":{\"productarealist\":[{\"area_id\":\"1\",\"area_name\":\"Taguig City\",\"area_description\":\"Taguig City\",\"area_active\":\"1\",\"area_country_id\":\"0\"}]}}"}

2013-10-25T09:44:43Z
{"log_client_id":"98740","log_method":"PRODUCTAREA - GET","log_url":"api\/productarea\/hk\/98740","log_request":"false","log_response":"{\"rc\":0,\"success\":true,\"data\":{\"productarealist\":[{\"area_id\":\"1\",\"area_name\":\"Taguig City\",\"area_description\":\"Taguig City\",\"area_active\":\"1\",\"area_country_id\":\"0\"}]}}"}

2013-10-25T09:45:28Z
{"log_client_id":"98740","log_method":"PRODUCTAREA - GET","log_url":"api\/productarea\/hk\/98740","log_request":"false","log_response":"{\"rc\":0,\"success\":true,\"data\":{\"productarealist\":[{\"area_id\":\"1\",\"area_name\":\"Taguig City\",\"area_description\":\"Taguig City\",\"area_active\":\"1\",\"area_country_id\":\"0\"}]}}"}

2013-10-25T10:49:46Z
{"log_client_id":"98740","log_method":"PRODUCTAREA - GET","log_url":"api\/productarea\/hk\/98740","log_request":"false","log_response":"{\"rc\":0,\"success\":true,\"data\":{\"productarealist\":[{\"area_id\":\"1\",\"area_name\":\"Taguig City\",\"area_description\":\"Taguig City\",\"area_active\":\"1\",\"area_country_id\":\"0\"}]}}"}

2013-10-25T10:51:53Z
{"log_client_id":"98740","log_method":"PRODUCTAREA - GET","log_url":"api\/productarea\/my\/98740","log_request":"false","log_response":"{\"rc\":0,\"success\":true,\"data\":{\"productarealist\":[{\"area_id\":\"1\",\"area_name\":\"Kuala Lumpur\",\"area_description\":\"KL\",\"area_active\":\"1\"},{\"area_id\":\"2\",\"area_name\":\"Penang\",\"area_description\":\"Penang\",\"area_active\":\"1\"},{\"area_id\":\"3\",\"area_name\":\"Johor Bahru\",\"area_description\":\"Johor Bahru\",\"area_active\":\"1\"},{\"area_id\":\"4\",\"area_name\":\"Kota Kinabalu\",\"area_description\":\"Kota Kinabalu\",\"area_active\":\"1\"},{\"area_id\":\"5\",\"area_name\":\"Shah Alam\",\"area_description\":\"Shah Alam\",\"area_active\":\"1\"},{\"area_id\":\"6\",\"area_name\":\"Shah Alam\",\"area_description\":\"Shah Alam\",\"area_active\":\"1\"}]}}"}

2013-10-25T10:52:29Z
{"log_client_id":"98740","log_method":"PRODUCTAREA - GET","log_url":"api\/productarea\/hk\/98740","log_request":"false","log_response":"{\"rc\":0,\"success\":true,\"data\":{\"productarealist\":[{\"area_id\":\"1\",\"area_name\":\"Taguig City\",\"area_description\":\"Taguig City\",\"area_active\":\"1\",\"area_country_id\":\"0\"}]}}"}

2013-10-25T10:53:18Z
{"log_client_id":"98740","log_method":"PRODUCTAREA - GET","log_url":"api\/productarea\/hk\/98740","log_request":"false","log_response":"{\"rc\":0,\"success\":true,\"data\":{\"productarealist\":[{\"area_id\":\"1\",\"area_name\":\"Taguig City\",\"area_description\":\"Taguig City\",\"area_active\":\"1\",\"area_country_id\":\"0\"}]}}"}

2013-10-25T10:53:39Z
{"log_client_id":"98740","log_method":"PRODUCTAREA - GET","log_url":"api\/productarea\/hk\/98740","log_request":"false","log_response":"{\"rc\":0,\"success\":true,\"data\":{\"productarealist\":[{\"area_id\":\"1\",\"area_name\":\"Taguig City\",\"area_description\":\"Taguig City\",\"area_active\":\"1\",\"area_country_id\":\"0\"}]}}"}

2013-10-25T10:54:03Z
{"log_client_id":"98740","log_method":"PRODUCTAREA - GET","log_url":"api\/productarea\/hk\/98740","log_request":"false","log_response":"{\"rc\":0,\"success\":true,\"data\":{\"productarealist\":[{\"area_id\":\"1\",\"area_name\":\"Taguig City\",\"area_description\":\"Taguig City\",\"area_active\":\"1\",\"area_country_id\":\"0\"}]}}"}

2013-10-25T10:54:37Z
{"log_client_id":"98740","log_method":"PRODUCTAREA - GET","log_url":"api\/productarea\/hk\/98740","log_request":"false","log_response":"{\"rc\":0,\"success\":true,\"data\":{\"productarealist\":[{\"area_id\":\"1\",\"area_name\":\"Taguig City\",\"area_description\":\"Taguig City\",\"area_active\":\"1\",\"area_country_id\":\"0\"}]}}"}

2013-10-25T10:57:12Z
{"log_client_id":"98740","log_method":"PRODUCTAREA - GET","log_url":"api\/productarea\/my\/98740\/133","log_request":"false","log_response":"{\"rc\":999,\"success\":false,\"message\":[\"Product Area Info: No Records Found.\"]}"}

2013-10-25T10:57:30Z
{"log_client_id":"98740","log_method":"PRODUCTAREA - GET","log_url":"api\/productarea\/my\/98740\/174","log_request":"false","log_response":"{\"rc\":999,\"success\":false,\"message\":[\"Product Area Info: No Records Found.\"]}"}

2013-10-25T10:57:41Z
{"log_client_id":"98740","log_method":"PRODUCTAREA - GET","log_url":"api\/productarea\/my\/98740\/174","log_request":"false","log_response":"{\"rc\":999,\"success\":false,\"message\":[\"Product Area Info: No Records Found.\"]}"}

2013-10-25T10:57:42Z
{"log_client_id":"98740","log_method":"PRODUCTAREA - GET","log_url":"api\/productarea\/my\/98740\/174","log_request":"false","log_response":"{\"rc\":999,\"success\":false,\"message\":[\"Product Area Info: No Records Found.\"]}"}

2013-10-25T10:57:43Z
{"log_client_id":"98740","log_method":"PRODUCTAREA - GET","log_url":"api\/productarea\/my\/98740\/174","log_request":"false","log_response":"{\"rc\":999,\"success\":false,\"message\":[\"Product Area Info: No Records Found.\"]}"}

2013-10-25T10:58:54Z
{"log_client_id":"98740","log_method":"PRODUCTAREA - GET","log_url":"api\/productarea\/hk\/98740","log_request":"false","log_response":"{\"rc\":0,\"success\":true,\"data\":{\"productarealist\":[{\"area_id\":\"1\",\"area_name\":\"Taguig City\",\"area_description\":\"Taguig City\",\"area_active\":\"1\",\"area_country_id\":\"174\"}]}}"}

2013-10-25T11:06:05Z
{"log_client_id":"98740","log_method":"PRODUCTAREA - GET","log_url":"api\/productarea\/hk\/98740","log_request":"false","log_response":"{\"rc\":0,\"success\":true,\"data\":{\"productarealist\":[{\"area_id\":\"1\",\"area_name\":\"Taguig City\",\"area_description\":\"Taguig City\",\"area_active\":\"1\",\"area_country_id\":\"174\"}]}}"}

2013-10-25T11:06:23Z
{"log_client_id":"98740","log_method":"PRODUCTAREA - GET","log_url":"api\/productarea\/hk\/98740","log_request":"false","log_response":"{\"rc\":0,\"success\":true,\"data\":{\"productarealist\":[{\"area_id\":\"1\",\"area_name\":\"Taguig City\",\"area_description\":\"Taguig City\",\"area_active\":\"1\",\"area_country_id\":\"174\"}]}}"}

2013-10-25T11:06:28Z
{"log_client_id":"98740","log_method":"PRODUCTAREA - GET","log_url":"api\/productarea\/my\/98740","log_request":"false","log_response":"{\"rc\":0,\"success\":true,\"data\":{\"productarealist\":[{\"area_id\":\"1\",\"area_name\":\"Kuala Lumpur\",\"area_description\":\"KL\",\"area_active\":\"1\"},{\"area_id\":\"2\",\"area_name\":\"Penang\",\"area_description\":\"Penang\",\"area_active\":\"1\"},{\"area_id\":\"3\",\"area_name\":\"Johor Bahru\",\"area_description\":\"Johor Bahru\",\"area_active\":\"1\"},{\"area_id\":\"4\",\"area_name\":\"Kota Kinabalu\",\"area_description\":\"Kota Kinabalu\",\"area_active\":\"1\"},{\"area_id\":\"5\",\"area_name\":\"Shah Alam\",\"area_description\":\"Shah Alam\",\"area_active\":\"1\"},{\"area_id\":\"6\",\"area_name\":\"Shah Alam\",\"area_description\":\"Shah Alam\",\"area_active\":\"1\"}]}}"}

2013-10-25T11:07:10Z
{"log_client_id":"98740","log_method":"PRODUCTAREA - GET","log_url":"api\/productarea\/hk\/98740","log_request":"false","log_response":"{\"rc\":0,\"success\":true,\"data\":{\"productarealist\":[{\"area_id\":\"1\",\"area_name\":\"Taguig City\",\"area_description\":\"Taguig City\",\"area_active\":\"1\",\"area_country_id\":\"174\"}]}}"}

2013-10-25T11:07:33Z
{"log_client_id":"98740","log_method":"PRODUCTAREA - GET","log_url":"api\/productarea\/hk\/98740","log_request":"false","log_response":"{\"rc\":0,\"success\":true,\"data\":{\"productarealist\":[{\"area_id\":\"1\",\"area_name\":\"Taguig City\",\"area_description\":\"Taguig City\",\"area_active\":\"1\",\"area_country_id\":\"174\"}]}}"}

2013-10-25T11:07:34Z
{"log_client_id":"98740","log_method":"PRODUCTAREA - GET","log_url":"api\/productarea\/hk\/98740","log_request":"false","log_response":"{\"rc\":0,\"success\":true,\"data\":{\"productarealist\":[{\"area_id\":\"1\",\"area_name\":\"Taguig City\",\"area_description\":\"Taguig City\",\"area_active\":\"1\",\"area_country_id\":\"174\"}]}}"}

2013-10-25T11:07:34Z
{"log_client_id":"98740","log_method":"PRODUCTAREA - GET","log_url":"api\/productarea\/hk\/98740","log_request":"false","log_response":"{\"rc\":0,\"success\":true,\"data\":{\"productarealist\":[{\"area_id\":\"1\",\"area_name\":\"Taguig City\",\"area_description\":\"Taguig City\",\"area_active\":\"1\",\"area_country_id\":\"174\"}]}}"}

2013-10-25T11:07:34Z
{"log_client_id":"98740","log_method":"PRODUCTAREA - GET","log_url":"api\/productarea\/hk\/98740","log_request":"false","log_response":"{\"rc\":0,\"success\":true,\"data\":{\"productarealist\":[{\"area_id\":\"1\",\"area_name\":\"Taguig City\",\"area_description\":\"Taguig City\",\"area_active\":\"1\",\"area_country_id\":\"174\"}]}}"}

2013-10-25T11:07:34Z
{"log_client_id":"98740","log_method":"PRODUCTAREA - GET","log_url":"api\/productarea\/hk\/98740","log_request":"false","log_response":"{\"rc\":0,\"success\":true,\"data\":{\"productarealist\":[{\"area_id\":\"1\",\"area_name\":\"Taguig City\",\"area_description\":\"Taguig City\",\"area_active\":\"1\",\"area_country_id\":\"174\"}]}}"}

2013-10-25T11:07:34Z
{"log_client_id":"98740","log_method":"PRODUCTAREA - GET","log_url":"api\/productarea\/hk\/98740","log_request":"false","log_response":"{\"rc\":0,\"success\":true,\"data\":{\"productarealist\":[{\"area_id\":\"1\",\"area_name\":\"Taguig City\",\"area_description\":\"Taguig City\",\"area_active\":\"1\",\"area_country_id\":\"174\"}]}}"}

2013-10-25T11:08:18Z
{"log_client_id":"98740","log_method":"PRODUCTAREA - GET","log_url":"api\/productarea\/hk\/98740","log_request":"false","log_response":"{\"rc\":0,\"success\":true,\"data\":{\"productarealist\":[{\"area_id\":\"1\",\"area_name\":\"Taguig City\",\"area_description\":\"Taguig City\",\"area_active\":\"1\",\"area_country_id\":\"174\"}]}}"}

2013-10-25T11:09:09Z
{"log_client_id":"98740","log_method":"PRODUCTAREA - GET","log_url":"api\/productarea\/hk\/98740","log_request":"false","log_response":"{\"rc\":0,\"success\":true,\"data\":{\"productarealist\":[{\"area_id\":\"1\",\"area_name\":\"Taguig City\",\"area_description\":\"Taguig City\",\"area_active\":\"1\",\"area_country_id\":\"174\"}]}}"}

2013-10-25T11:10:28Z
{"log_client_id":"98740","log_method":"PRODUCTAREA - GET","log_url":"api\/productarea\/hk\/98740","log_request":"false","log_response":"{\"rc\":0,\"success\":true,\"data\":{\"productarealist\":[{\"area_id\":\"1\",\"area_name\":\"Taguig City\",\"area_description\":\"Taguig City\",\"area_active\":\"1\",\"area_country_id\":\"174\"}]}}"}

2013-10-25T11:10:48Z
{"log_client_id":"98740","log_method":"PRODUCTAREA - GET","log_url":"api\/productarea\/hk\/98740","log_request":"false","log_response":"{\"rc\":0,\"success\":true,\"data\":{\"productarealist\":[{\"area_id\":\"1\",\"area_name\":\"Taguig City\",\"area_description\":\"Taguig City\",\"area_active\":\"1\",\"area_country_id\":\"174\"},{\"area_id\":\"2\",\"area_name\":\"Makati City\",\"area_description\":\"Makati City\",\"area_active\":\"1\",\"area_country_id\":\"0\"}]}}"}

2013-10-25T11:11:12Z
{"log_client_id":"98740","log_method":"PRODUCTAREA - GET","log_url":"api\/productarea\/hk\/98740","log_request":"false","log_response":"{\"rc\":0,\"success\":true,\"data\":{\"productarealist\":[{\"area_id\":\"1\",\"area_name\":\"Taguig City\",\"area_description\":\"Taguig City\",\"area_active\":\"1\",\"area_country_id\":\"174\"},{\"area_id\":\"2\",\"area_name\":\"Makati City\",\"area_description\":\"Makati City\",\"area_active\":\"1\",\"area_country_id\":\"174\"}]}}"}

2013-10-25T11:13:02Z
{"log_client_id":"98740","log_method":"PRODUCTAREA - GET","log_url":"api\/productarea\/hk\/98740","log_request":"false","log_response":"{\"rc\":0,\"success\":true,\"data\":{\"productarealist\":[{\"area_id\":\"1\",\"area_name\":\"Taguig City\",\"area_description\":\"Taguig City\",\"area_active\":\"1\",\"area_country_id\":\"174\"},{\"area_id\":\"2\",\"area_name\":\"Makati City\",\"area_description\":\"Makati City\",\"area_active\":\"1\",\"area_country_id\":\"174\"}]}}"}

2013-10-25T11:20:10Z
{"log_client_id":"98740","log_method":"PRODUCTAREA - GET","log_url":"api\/productarea\/hk\/98740","log_request":"false","log_response":"{\"rc\":0,\"success\":true,\"data\":{\"productarealist\":[{\"area_id\":\"1\",\"area_name\":\"Taguig City\",\"area_description\":\"Taguig City\",\"area_active\":\"1\",\"area_country_id\":\"174\"},{\"area_id\":\"2\",\"area_name\":\"Makati City\",\"area_description\":\"Makati City\",\"area_active\":\"1\",\"area_country_id\":\"174\"}]}}"}

2013-10-25T11:29:15Z
{"log_client_id":"98740","log_method":"PRODUCTAREA - GET","log_url":"api\/productarea\/hk\/98740","log_request":"false","log_response":"{\"rc\":0,\"success\":true,\"data\":{\"productarealist\":[{\"area_id\":\"1\",\"area_name\":\"Taguig City\",\"area_description\":\"Taguig City\",\"area_active\":\"1\",\"area_country_id\":\"174\"},{\"area_id\":\"2\",\"area_name\":\"Makati City\",\"area_description\":\"Makati City\",\"area_active\":\"1\",\"area_country_id\":\"174\"}]}}"}

2013-10-25T11:30:01Z
{"log_client_id":"98740","log_method":"PRODUCTAREA - GET","log_url":"api\/productarea\/hk\/98740","log_request":"false","log_response":"{\"rc\":0,\"success\":true,\"data\":{\"productarealist\":[{\"area_id\":\"1\",\"area_name\":\"Taguig City\",\"area_description\":\"Taguig City\",\"area_active\":\"1\",\"area_country_id\":\"174\"},{\"area_id\":\"2\",\"area_name\":\"Makati City\",\"area_description\":\"Makati City\",\"area_active\":\"1\",\"area_country_id\":\"174\"}]}}"}

2013-10-25T11:30:29Z
{"log_client_id":"98740","log_method":"PRODUCTAREA - GET","log_url":"api\/productarea\/hk\/98740","log_request":"false","log_response":"{\"rc\":0,\"success\":true,\"data\":{\"productarealist\":[{\"area_id\":\"1\",\"area_name\":\"Taguig City\",\"area_description\":\"Taguig City\",\"area_active\":\"1\",\"area_country_id\":\"174\"},{\"area_id\":\"2\",\"area_name\":\"Makati City\",\"area_description\":\"Makati City\",\"area_active\":\"1\",\"area_country_id\":\"174\"}]}}"}

2013-10-25T11:32:05Z
{"log_client_id":"98740","log_method":"PRODUCTAREA - GET","log_url":"api\/productarea\/hk\/98740","log_request":"false","log_response":"{\"rc\":0,\"success\":true,\"data\":{\"productarealist\":[{\"area_id\":\"1\",\"area_name\":\"Taguig City\",\"area_description\":\"Taguig City\",\"area_active\":\"1\",\"area_country_id\":\"174\"},{\"area_id\":\"2\",\"area_name\":\"Makati City\",\"area_description\":\"Makati City\",\"area_active\":\"1\",\"area_country_id\":\"174\"}]}}"}

2013-10-25T11:32:56Z
{"log_client_id":"98740","log_method":"PRODUCTAREA - GET","log_url":"api\/productarea\/hk\/98740","log_request":"false","log_response":"{\"rc\":0,\"success\":true,\"data\":{\"productarealist\":[{\"area_id\":\"1\",\"area_name\":\"Taguig City\",\"area_description\":\"Taguig City\",\"area_active\":\"1\",\"area_country_id\":\"174\"},{\"area_id\":\"2\",\"area_name\":\"Makati City\",\"area_description\":\"Makati City\",\"area_active\":\"1\",\"area_country_id\":\"174\"}]}}"}

2013-10-25T11:52:54Z
{"log_client_id":"98740","log_method":"PRODUCTAREA - GET","log_url":"api\/productarea\/hk\/98740","log_request":"false","log_response":"{\"rc\":0,\"success\":true,\"data\":{\"productarealist\":[{\"area_id\":\"1\",\"area_name\":\"Taguig City\",\"area_description\":\"Taguig City\",\"area_active\":\"1\",\"area_country_id\":\"174\"},{\"area_id\":\"2\",\"area_name\":\"Makati City\",\"area_description\":\"Makati City\",\"area_active\":\"1\",\"area_country_id\":\"174\"}]}}"}

2013-10-25T11:53:00Z
{"log_client_id":"98740","log_method":"PRODUCTAREA - GET","log_url":"api\/productarea\/my\/98740","log_request":"false","log_response":"{\"rc\":0,\"success\":true,\"data\":{\"productarealist\":[{\"area_id\":\"1\",\"area_name\":\"Kuala Lumpur\",\"area_description\":\"KL\",\"area_active\":\"1\"},{\"area_id\":\"2\",\"area_name\":\"Penang\",\"area_description\":\"Penang\",\"area_active\":\"1\"},{\"area_id\":\"3\",\"area_name\":\"Johor Bahru\",\"area_description\":\"Johor Bahru\",\"area_active\":\"1\"},{\"area_id\":\"4\",\"area_name\":\"Kota Kinabalu\",\"area_description\":\"Kota Kinabalu\",\"area_active\":\"1\"},{\"area_id\":\"5\",\"area_name\":\"Shah Alam\",\"area_description\":\"Shah Alam\",\"area_active\":\"1\"},{\"area_id\":\"6\",\"area_name\":\"Shah Alam\",\"area_description\":\"Shah Alam\",\"area_active\":\"1\"}]}}"}

2013-10-25T11:53:30Z
{"log_client_id":"98740","log_method":"PRODUCTAREA - GET","log_url":"api\/productarea\/hk\/98740","log_request":"false","log_response":"{\"rc\":0,\"success\":true,\"data\":{\"productarealist\":[{\"area_id\":\"1\",\"area_name\":\"Taguig City\",\"area_description\":\"Taguig City\",\"area_active\":\"1\",\"area_country_id\":\"174\"},{\"area_id\":\"2\",\"area_name\":\"Makati City\",\"area_description\":\"Makati City\",\"area_active\":\"1\",\"area_country_id\":\"174\"}]}}"}

2013-10-25T11:53:41Z
{"log_client_id":"98740","log_method":"PRODUCTAREA - GET","log_url":"api\/productarea\/my\/98740","log_request":"false","log_response":"{\"rc\":0,\"success\":true,\"data\":{\"productarealist\":[{\"area_id\":\"1\",\"area_name\":\"Kuala Lumpur\",\"area_description\":\"KL\",\"area_active\":\"1\"},{\"area_id\":\"2\",\"area_name\":\"Penang\",\"area_description\":\"Penang\",\"area_active\":\"1\"},{\"area_id\":\"3\",\"area_name\":\"Johor Bahru\",\"area_description\":\"Johor Bahru\",\"area_active\":\"1\"},{\"area_id\":\"4\",\"area_name\":\"Kota Kinabalu\",\"area_description\":\"Kota Kinabalu\",\"area_active\":\"1\"},{\"area_id\":\"5\",\"area_name\":\"Shah Alam\",\"area_description\":\"Shah Alam\",\"area_active\":\"1\"},{\"area_id\":\"6\",\"area_name\":\"Shah Alam\",\"area_description\":\"Shah Alam\",\"area_active\":\"1\"}]}}"}

2013-10-25T11:55:43Z
{"log_client_id":"98740","log_method":"PRODUCTAREA - GET","log_url":"api\/productarea\/hk\/98740","log_request":"false","log_response":"{\"rc\":0,\"success\":true,\"data\":{\"productarealist\":[{\"area_id\":\"1\",\"area_name\":\"Taguig City\",\"area_description\":\"Taguig City\",\"area_active\":\"1\",\"area_country_id\":\"174\"},{\"area_id\":\"2\",\"area_name\":\"Makati City\",\"area_description\":\"Makati City\",\"area_active\":\"1\",\"area_country_id\":\"174\"}]}}"}

2013-10-25T11:55:45Z
{"log_client_id":"98740","log_method":"PRODUCTAREA - GET","log_url":"api\/productarea\/hk\/98740","log_request":"false","log_response":"{\"rc\":0,\"success\":true,\"data\":{\"productarealist\":[{\"area_id\":\"1\",\"area_name\":\"Taguig City\",\"area_description\":\"Taguig City\",\"area_active\":\"1\",\"area_country_id\":\"174\"},{\"area_id\":\"2\",\"area_name\":\"Makati City\",\"area_description\":\"Makati City\",\"area_active\":\"1\",\"area_country_id\":\"174\"}]}}"}

2013-10-25T11:55:45Z
{"log_client_id":"98740","log_method":"PRODUCTAREA - GET","log_url":"api\/productarea\/hk\/98740","log_request":"false","log_response":"{\"rc\":0,\"success\":true,\"data\":{\"productarealist\":[{\"area_id\":\"1\",\"area_name\":\"Taguig City\",\"area_description\":\"Taguig City\",\"area_active\":\"1\",\"area_country_id\":\"174\"},{\"area_id\":\"2\",\"area_name\":\"Makati City\",\"area_description\":\"Makati City\",\"area_active\":\"1\",\"area_country_id\":\"174\"}]}}"}

2013-10-25T11:55:45Z
{"log_client_id":"98740","log_method":"PRODUCTAREA - GET","log_url":"api\/productarea\/hk\/98740","log_request":"false","log_response":"{\"rc\":0,\"success\":true,\"data\":{\"productarealist\":[{\"area_id\":\"1\",\"area_name\":\"Taguig City\",\"area_description\":\"Taguig City\",\"area_active\":\"1\",\"area_country_id\":\"174\"},{\"area_id\":\"2\",\"area_name\":\"Makati City\",\"area_description\":\"Makati City\",\"area_active\":\"1\",\"area_country_id\":\"174\"}]}}"}

2013-10-25T11:55:51Z
{"log_client_id":"98740","log_method":"PRODUCTAREA - GET","log_url":"api\/productarea\/my\/98740","log_request":"false","log_response":"{\"rc\":0,\"success\":true,\"data\":{\"productarealist\":[{\"area_id\":\"1\",\"area_name\":\"Kuala Lumpur\",\"area_description\":\"KL\",\"area_active\":\"1\"},{\"area_id\":\"2\",\"area_name\":\"Penang\",\"area_description\":\"Penang\",\"area_active\":\"1\"},{\"area_id\":\"3\",\"area_name\":\"Johor Bahru\",\"area_description\":\"Johor Bahru\",\"area_active\":\"1\"},{\"area_id\":\"4\",\"area_name\":\"Kota Kinabalu\",\"area_description\":\"Kota Kinabalu\",\"area_active\":\"1\"},{\"area_id\":\"5\",\"area_name\":\"Shah Alam\",\"area_description\":\"Shah Alam\",\"area_active\":\"1\"},{\"area_id\":\"6\",\"area_name\":\"Shah Alam\",\"area_description\":\"Shah Alam\",\"area_active\":\"1\"}]}}"}

2013-10-25T11:56:13Z
{"log_client_id":"98740","log_method":"PRODUCTAREA - GET","log_url":"api\/productarea\/hk\/98740","log_request":"false","log_response":"{\"rc\":0,\"success\":true,\"data\":{\"productarealist\":[{\"area_id\":\"1\",\"area_name\":\"Taguig City\",\"area_description\":\"Taguig City\",\"area_active\":\"1\",\"area_country_id\":\"174\"},{\"area_id\":\"2\",\"area_name\":\"Makati City\",\"area_description\":\"Makati City\",\"area_active\":\"1\",\"area_country_id\":\"174\"}]}}"}

2013-10-25T11:56:18Z
{"log_client_id":"98740","log_method":"PRODUCTAREA - GET","log_url":"api\/productarea\/my\/98740","log_request":"false","log_response":"{\"rc\":0,\"success\":true,\"data\":{\"productarealist\":[{\"area_id\":\"1\",\"area_name\":\"Kuala Lumpur\",\"area_description\":\"KL\",\"area_active\":\"1\"},{\"area_id\":\"2\",\"area_name\":\"Penang\",\"area_description\":\"Penang\",\"area_active\":\"1\"},{\"area_id\":\"3\",\"area_name\":\"Johor Bahru\",\"area_description\":\"Johor Bahru\",\"area_active\":\"1\"},{\"area_id\":\"4\",\"area_name\":\"Kota Kinabalu\",\"area_description\":\"Kota Kinabalu\",\"area_active\":\"1\"},{\"area_id\":\"5\",\"area_name\":\"Shah Alam\",\"area_description\":\"Shah Alam\",\"area_active\":\"1\"},{\"area_id\":\"6\",\"area_name\":\"Shah Alam\",\"area_description\":\"Shah Alam\",\"area_active\":\"1\"}]}}"}

2013-10-25T11:56:29Z
{"log_client_id":"98740","log_method":"PRODUCTAREA - GET","log_url":"api\/productarea\/hk\/98740","log_request":"false","log_response":"{\"rc\":0,\"success\":true,\"data\":{\"productarealist\":[{\"area_id\":\"1\",\"area_name\":\"Taguig City\",\"area_description\":\"Taguig City\",\"area_active\":\"1\",\"area_country_id\":\"174\"},{\"area_id\":\"2\",\"area_name\":\"Makati City\",\"area_description\":\"Makati City\",\"area_active\":\"1\",\"area_country_id\":\"174\"}]}}"}

2013-10-25T11:56:36Z
{"log_client_id":"98740","log_method":"PRODUCTAREA - GET","log_url":"api\/productarea\/my\/98740","log_request":"false","log_response":"{\"rc\":0,\"success\":true,\"data\":{\"productarealist\":[{\"area_id\":\"1\",\"area_name\":\"Kuala Lumpur\",\"area_description\":\"KL\",\"area_active\":\"1\"},{\"area_id\":\"2\",\"area_name\":\"Penang\",\"area_description\":\"Penang\",\"area_active\":\"1\"},{\"area_id\":\"3\",\"area_name\":\"Johor Bahru\",\"area_description\":\"Johor Bahru\",\"area_active\":\"1\"},{\"area_id\":\"4\",\"area_name\":\"Kota Kinabalu\",\"area_description\":\"Kota Kinabalu\",\"area_active\":\"1\"},{\"area_id\":\"5\",\"area_name\":\"Shah Alam\",\"area_description\":\"Shah Alam\",\"area_active\":\"1\"},{\"area_id\":\"6\",\"area_name\":\"Shah Alam\",\"area_description\":\"Shah Alam\",\"area_active\":\"1\"}]}}"}

2013-10-25T11:57:00Z
{"log_client_id":"98740","log_method":"PRODUCTAREA - GET","log_url":"api\/productarea\/hk\/98740","log_request":"false","log_response":"{\"rc\":0,\"success\":true,\"data\":{\"productarealist\":[{\"area_id\":\"1\",\"area_name\":\"Taguig City\",\"area_description\":\"Taguig City\",\"area_active\":\"1\",\"area_country_id\":\"174\"},{\"area_id\":\"2\",\"area_name\":\"Makati City\",\"area_description\":\"Makati City\",\"area_active\":\"1\",\"area_country_id\":\"174\"}]}}"}

2013-10-25T11:57:05Z
{"log_client_id":"98740","log_method":"PRODUCTAREA - GET","log_url":"api\/productarea\/my\/98740","log_request":"false","log_response":"{\"rc\":0,\"success\":true,\"data\":{\"productarealist\":[{\"area_id\":\"1\",\"area_name\":\"Kuala Lumpur\",\"area_description\":\"KL\",\"area_active\":\"1\"},{\"area_id\":\"2\",\"area_name\":\"Penang\",\"area_description\":\"Penang\",\"area_active\":\"1\"},{\"area_id\":\"3\",\"area_name\":\"Johor Bahru\",\"area_description\":\"Johor Bahru\",\"area_active\":\"1\"},{\"area_id\":\"4\",\"area_name\":\"Kota Kinabalu\",\"area_description\":\"Kota Kinabalu\",\"area_active\":\"1\"},{\"area_id\":\"5\",\"area_name\":\"Shah Alam\",\"area_description\":\"Shah Alam\",\"area_active\":\"1\"},{\"area_id\":\"6\",\"area_name\":\"Shah Alam\",\"area_description\":\"Shah Alam\",\"area_active\":\"1\"}]}}"}

2013-10-25T11:57:15Z
{"log_client_id":"98740","log_method":"PRODUCTAREA - GET","log_url":"api\/productarea\/hk\/98740","log_request":"false","log_response":"{\"rc\":0,\"success\":true,\"data\":{\"productarealist\":[{\"area_id\":\"1\",\"area_name\":\"Taguig City\",\"area_description\":\"Taguig City\",\"area_active\":\"1\",\"area_country_id\":\"174\"},{\"area_id\":\"2\",\"area_name\":\"Makati City\",\"area_description\":\"Makati City\",\"area_active\":\"1\",\"area_country_id\":\"174\"}]}}"}

2013-10-25T11:57:21Z
{"log_client_id":"98740","log_method":"PRODUCTAREA - GET","log_url":"api\/productarea\/my\/98740","log_request":"false","log_response":"{\"rc\":0,\"success\":true,\"data\":{\"productarealist\":[{\"area_id\":\"1\",\"area_name\":\"Kuala Lumpur\",\"area_description\":\"KL\",\"area_active\":\"1\"},{\"area_id\":\"2\",\"area_name\":\"Penang\",\"area_description\":\"Penang\",\"area_active\":\"1\"},{\"area_id\":\"3\",\"area_name\":\"Johor Bahru\",\"area_description\":\"Johor Bahru\",\"area_active\":\"1\"},{\"area_id\":\"4\",\"area_name\":\"Kota Kinabalu\",\"area_description\":\"Kota Kinabalu\",\"area_active\":\"1\"},{\"area_id\":\"5\",\"area_name\":\"Shah Alam\",\"area_description\":\"Shah Alam\",\"area_active\":\"1\"},{\"area_id\":\"6\",\"area_name\":\"Shah Alam\",\"area_description\":\"Shah Alam\",\"area_active\":\"1\"}]}}"}

2013-10-25T11:57:33Z
{"log_client_id":"98740","log_method":"PRODUCTAREA - GET","log_url":"api\/productarea\/my\/98740","log_request":"false","log_response":"{\"rc\":0,\"success\":true,\"data\":{\"productarealist\":[{\"area_id\":\"1\",\"area_name\":\"Kuala Lumpur\",\"area_description\":\"KL\",\"area_active\":\"1\"},{\"area_id\":\"2\",\"area_name\":\"Penang\",\"area_description\":\"Penang\",\"area_active\":\"1\"},{\"area_id\":\"3\",\"area_name\":\"Johor Bahru\",\"area_description\":\"Johor Bahru\",\"area_active\":\"1\"},{\"area_id\":\"4\",\"area_name\":\"Kota Kinabalu\",\"area_description\":\"Kota Kinabalu\",\"area_active\":\"1\"},{\"area_id\":\"5\",\"area_name\":\"Shah Alam\",\"area_description\":\"Shah Alam\",\"area_active\":\"1\"},{\"area_id\":\"6\",\"area_name\":\"Shah Alam\",\"area_description\":\"Shah Alam\",\"area_active\":\"1\"}]}}"}

2013-10-25T11:58:12Z
{"log_client_id":"98740","log_method":"PRODUCTAREA - GET","log_url":"api\/productarea\/hk\/98740","log_request":"false","log_response":"{\"rc\":0,\"success\":true,\"data\":{\"productarealist\":[{\"area_id\":\"1\",\"area_name\":\"Taguig City\",\"area_description\":\"Taguig City\",\"area_active\":\"1\",\"area_country_id\":\"174\"},{\"area_id\":\"2\",\"area_name\":\"Makati City\",\"area_description\":\"Makati City\",\"area_active\":\"1\",\"area_country_id\":\"174\"}]}}"}

2013-10-25T11:58:12Z
{"log_client_id":"98740","log_method":"PRODUCTAREA - GET","log_url":"api\/productarea\/hk\/98740","log_request":"false","log_response":"{\"rc\":0,\"success\":true,\"data\":{\"productarealist\":[{\"area_id\":\"1\",\"area_name\":\"Taguig City\",\"area_description\":\"Taguig City\",\"area_active\":\"1\",\"area_country_id\":\"174\"},{\"area_id\":\"2\",\"area_name\":\"Makati City\",\"area_description\":\"Makati City\",\"area_active\":\"1\",\"area_country_id\":\"174\"}]}}"}

2013-10-25T11:58:13Z
{"log_client_id":"98740","log_method":"PRODUCTAREA - GET","log_url":"api\/productarea\/hk\/98740","log_request":"false","log_response":"{\"rc\":0,\"success\":true,\"data\":{\"productarealist\":[{\"area_id\":\"1\",\"area_name\":\"Taguig City\",\"area_description\":\"Taguig City\",\"area_active\":\"1\",\"area_country_id\":\"174\"},{\"area_id\":\"2\",\"area_name\":\"Makati City\",\"area_description\":\"Makati City\",\"area_active\":\"1\",\"area_country_id\":\"174\"}]}}"}

2013-10-25T11:58:13Z
{"log_client_id":"98740","log_method":"PRODUCTAREA - GET","log_url":"api\/productarea\/hk\/98740","log_request":"false","log_response":"{\"rc\":0,\"success\":true,\"data\":{\"productarealist\":[{\"area_id\":\"1\",\"area_name\":\"Taguig City\",\"area_description\":\"Taguig City\",\"area_active\":\"1\",\"area_country_id\":\"174\"},{\"area_id\":\"2\",\"area_name\":\"Makati City\",\"area_description\":\"Makati City\",\"area_active\":\"1\",\"area_country_id\":\"174\"}]}}"}

2013-10-25T11:58:13Z
{"log_client_id":"98740","log_method":"PRODUCTAREA - GET","log_url":"api\/productarea\/hk\/98740","log_request":"false","log_response":"{\"rc\":0,\"success\":true,\"data\":{\"productarealist\":[{\"area_id\":\"1\",\"area_name\":\"Taguig City\",\"area_description\":\"Taguig City\",\"area_active\":\"1\",\"area_country_id\":\"174\"},{\"area_id\":\"2\",\"area_name\":\"Makati City\",\"area_description\":\"Makati City\",\"area_active\":\"1\",\"area_country_id\":\"174\"}]}}"}

2013-10-25T11:58:13Z
{"log_client_id":"98740","log_method":"PRODUCTAREA - GET","log_url":"api\/productarea\/hk\/98740","log_request":"false","log_response":"{\"rc\":0,\"success\":true,\"data\":{\"productarealist\":[{\"area_id\":\"1\",\"area_name\":\"Taguig City\",\"area_description\":\"Taguig City\",\"area_active\":\"1\",\"area_country_id\":\"174\"},{\"area_id\":\"2\",\"area_name\":\"Makati City\",\"area_description\":\"Makati City\",\"area_active\":\"1\",\"area_country_id\":\"174\"}]}}"}

2013-10-25T11:58:13Z
{"log_client_id":"98740","log_method":"PRODUCTAREA - GET","log_url":"api\/productarea\/hk\/98740","log_request":"false","log_response":"{\"rc\":0,\"success\":true,\"data\":{\"productarealist\":[{\"area_id\":\"1\",\"area_name\":\"Taguig City\",\"area_description\":\"Taguig City\",\"area_active\":\"1\",\"area_country_id\":\"174\"},{\"area_id\":\"2\",\"area_name\":\"Makati City\",\"area_description\":\"Makati City\",\"area_active\":\"1\",\"area_country_id\":\"174\"}]}}"}

2013-10-25T11:58:20Z
{"log_client_id":"98740","log_method":"PRODUCTAREA - GET","log_url":"api\/productarea\/my\/98740","log_request":"false","log_response":"{\"rc\":0,\"success\":true,\"data\":{\"productarealist\":[{\"area_id\":\"1\",\"area_name\":\"Kuala Lumpur\",\"area_description\":\"KL\",\"area_active\":\"1\"},{\"area_id\":\"2\",\"area_name\":\"Penang\",\"area_description\":\"Penang\",\"area_active\":\"1\"},{\"area_id\":\"3\",\"area_name\":\"Johor Bahru\",\"area_description\":\"Johor Bahru\",\"area_active\":\"1\"},{\"area_id\":\"4\",\"area_name\":\"Kota Kinabalu\",\"area_description\":\"Kota Kinabalu\",\"area_active\":\"1\"},{\"area_id\":\"5\",\"area_name\":\"Shah Alam\",\"area_description\":\"Shah Alam\",\"area_active\":\"1\"},{\"area_id\":\"6\",\"area_name\":\"Shah Alam\",\"area_description\":\"Shah Alam\",\"area_active\":\"1\"}]}}"}

2013-10-25T11:58:32Z
{"log_client_id":"98740","log_method":"PRODUCTAREA - GET","log_url":"api\/productarea\/hk\/98740","log_request":"false","log_response":"{\"rc\":0,\"success\":true,\"data\":{\"productarealist\":[{\"area_id\":\"1\",\"area_name\":\"Taguig City\",\"area_description\":\"Taguig City\",\"area_active\":\"1\",\"area_country_id\":\"174\"},{\"area_id\":\"2\",\"area_name\":\"Makati City\",\"area_description\":\"Makati City\",\"area_active\":\"1\",\"area_country_id\":\"174\"}]}}"}

2013-10-25T11:58:39Z
{"log_client_id":"98740","log_method":"PRODUCTAREA - GET","log_url":"api\/productarea\/my\/98740","log_request":"false","log_response":"{\"rc\":0,\"success\":true,\"data\":{\"productarealist\":[{\"area_id\":\"1\",\"area_name\":\"Kuala Lumpur\",\"area_description\":\"KL\",\"area_active\":\"1\"},{\"area_id\":\"2\",\"area_name\":\"Penang\",\"area_description\":\"Penang\",\"area_active\":\"1\"},{\"area_id\":\"3\",\"area_name\":\"Johor Bahru\",\"area_description\":\"Johor Bahru\",\"area_active\":\"1\"},{\"area_id\":\"4\",\"area_name\":\"Kota Kinabalu\",\"area_description\":\"Kota Kinabalu\",\"area_active\":\"1\"},{\"area_id\":\"5\",\"area_name\":\"Shah Alam\",\"area_description\":\"Shah Alam\",\"area_active\":\"1\"},{\"area_id\":\"6\",\"area_name\":\"Shah Alam\",\"area_description\":\"Shah Alam\",\"area_active\":\"1\"}]}}"}

2013-10-25T11:59:10Z
{"log_client_id":"98740","log_method":"PRODUCTAREA - GET","log_url":"api\/productarea\/hk\/98740","log_request":"false","log_response":"{\"rc\":0,\"success\":true,\"data\":{\"productarealist\":[{\"area_id\":\"1\",\"area_name\":\"Taguig City\",\"area_description\":\"Taguig City\",\"area_active\":\"1\",\"area_country_id\":\"174\"},{\"area_id\":\"2\",\"area_name\":\"Makati City\",\"area_description\":\"Makati City\",\"area_active\":\"1\",\"area_country_id\":\"174\"}]}}"}

2013-10-25T12:00:08Z
{"log_client_id":"98740","log_method":"PRODUCTAREA - GET","log_url":"api\/productarea\/hk\/98740","log_request":"false","log_response":"{\"rc\":0,\"success\":true,\"data\":{\"productarealist\":[{\"area_id\":\"1\",\"area_name\":\"Taguig City\",\"area_description\":\"Taguig City\",\"area_active\":\"1\",\"area_country_id\":\"174\"},{\"area_id\":\"2\",\"area_name\":\"Makati City\",\"area_description\":\"Makati City\",\"area_active\":\"1\",\"area_country_id\":\"174\"}]}}"}

2013-10-25T12:00:08Z
{"log_client_id":"98740","log_method":"PRODUCTAREA - GET","log_url":"api\/productarea\/hk\/98740","log_request":"false","log_response":"{\"rc\":0,\"success\":true,\"data\":{\"productarealist\":[{\"area_id\":\"1\",\"area_name\":\"Taguig City\",\"area_description\":\"Taguig City\",\"area_active\":\"1\",\"area_country_id\":\"174\"},{\"area_id\":\"2\",\"area_name\":\"Makati City\",\"area_description\":\"Makati City\",\"area_active\":\"1\",\"area_country_id\":\"174\"}]}}"}

2013-10-25T12:00:09Z
{"log_client_id":"98740","log_method":"PRODUCTAREA - GET","log_url":"api\/productarea\/hk\/98740","log_request":"false","log_response":"{\"rc\":0,\"success\":true,\"data\":{\"productarealist\":[{\"area_id\":\"1\",\"area_name\":\"Taguig City\",\"area_description\":\"Taguig City\",\"area_active\":\"1\",\"area_country_id\":\"174\"},{\"area_id\":\"2\",\"area_name\":\"Makati City\",\"area_description\":\"Makati City\",\"area_active\":\"1\",\"area_country_id\":\"174\"}]}}"}

2013-10-25T12:00:09Z
{"log_client_id":"98740","log_method":"PRODUCTAREA - GET","log_url":"api\/productarea\/hk\/98740","log_request":"false","log_response":"{\"rc\":0,\"success\":true,\"data\":{\"productarealist\":[{\"area_id\":\"1\",\"area_name\":\"Taguig City\",\"area_description\":\"Taguig City\",\"area_active\":\"1\",\"area_country_id\":\"174\"},{\"area_id\":\"2\",\"area_name\":\"Makati City\",\"area_description\":\"Makati City\",\"area_active\":\"1\",\"area_country_id\":\"174\"}]}}"}

2013-10-25T12:00:09Z
{"log_client_id":"98740","log_method":"PRODUCTAREA - GET","log_url":"api\/productarea\/hk\/98740","log_request":"false","log_response":"{\"rc\":0,\"success\":true,\"data\":{\"productarealist\":[{\"area_id\":\"1\",\"area_name\":\"Taguig City\",\"area_description\":\"Taguig City\",\"area_active\":\"1\",\"area_country_id\":\"174\"},{\"area_id\":\"2\",\"area_name\":\"Makati City\",\"area_description\":\"Makati City\",\"area_active\":\"1\",\"area_country_id\":\"174\"}]}}"}

2013-10-25T12:00:09Z
{"log_client_id":"98740","log_method":"PRODUCTAREA - GET","log_url":"api\/productarea\/hk\/98740","log_request":"false","log_response":"{\"rc\":0,\"success\":true,\"data\":{\"productarealist\":[{\"area_id\":\"1\",\"area_name\":\"Taguig City\",\"area_description\":\"Taguig City\",\"area_active\":\"1\",\"area_country_id\":\"174\"},{\"area_id\":\"2\",\"area_name\":\"Makati City\",\"area_description\":\"Makati City\",\"area_active\":\"1\",\"area_country_id\":\"174\"}]}}"}

2013-10-25T12:00:09Z
{"log_client_id":"98740","log_method":"PRODUCTAREA - GET","log_url":"api\/productarea\/hk\/98740","log_request":"false","log_response":"{\"rc\":0,\"success\":true,\"data\":{\"productarealist\":[{\"area_id\":\"1\",\"area_name\":\"Taguig City\",\"area_description\":\"Taguig City\",\"area_active\":\"1\",\"area_country_id\":\"174\"},{\"area_id\":\"2\",\"area_name\":\"Makati City\",\"area_description\":\"Makati City\",\"area_active\":\"1\",\"area_country_id\":\"174\"}]}}"}

2013-10-25T12:00:09Z
{"log_client_id":"98740","log_method":"PRODUCTAREA - GET","log_url":"api\/productarea\/hk\/98740","log_request":"false","log_response":"{\"rc\":0,\"success\":true,\"data\":{\"productarealist\":[{\"area_id\":\"1\",\"area_name\":\"Taguig City\",\"area_description\":\"Taguig City\",\"area_active\":\"1\",\"area_country_id\":\"174\"},{\"area_id\":\"2\",\"area_name\":\"Makati City\",\"area_description\":\"Makati City\",\"area_active\":\"1\",\"area_country_id\":\"174\"}]}}"}

2013-10-25T12:00:10Z
{"log_client_id":"98740","log_method":"PRODUCTAREA - GET","log_url":"api\/productarea\/hk\/98740","log_request":"false","log_response":"{\"rc\":0,\"success\":true,\"data\":{\"productarealist\":[{\"area_id\":\"1\",\"area_name\":\"Taguig City\",\"area_description\":\"Taguig City\",\"area_active\":\"1\",\"area_country_id\":\"174\"},{\"area_id\":\"2\",\"area_name\":\"Makati City\",\"area_description\":\"Makati City\",\"area_active\":\"1\",\"area_country_id\":\"174\"}]}}"}

2013-10-25T12:00:10Z
{"log_client_id":"98740","log_method":"PRODUCTAREA - GET","log_url":"api\/productarea\/hk\/98740","log_request":"false","log_response":"{\"rc\":0,\"success\":true,\"data\":{\"productarealist\":[{\"area_id\":\"1\",\"area_name\":\"Taguig City\",\"area_description\":\"Taguig City\",\"area_active\":\"1\",\"area_country_id\":\"174\"},{\"area_id\":\"2\",\"area_name\":\"Makati City\",\"area_description\":\"Makati City\",\"area_active\":\"1\",\"area_country_id\":\"174\"}]}}"}

2013-10-25T12:00:14Z
{"log_client_id":"98740","log_method":"PRODUCTAREA - GET","log_url":"api\/productarea\/my\/98740","log_request":"false","log_response":"{\"rc\":0,\"success\":true,\"data\":{\"productarealist\":[{\"area_id\":\"1\",\"area_name\":\"Kuala Lumpur\",\"area_description\":\"KL\",\"area_active\":\"1\"},{\"area_id\":\"2\",\"area_name\":\"Penang\",\"area_description\":\"Penang\",\"area_active\":\"1\"},{\"area_id\":\"3\",\"area_name\":\"Johor Bahru\",\"area_description\":\"Johor Bahru\",\"area_active\":\"1\"},{\"area_id\":\"4\",\"area_name\":\"Kota Kinabalu\",\"area_description\":\"Kota Kinabalu\",\"area_active\":\"1\"},{\"area_id\":\"5\",\"area_name\":\"Shah Alam\",\"area_description\":\"Shah Alam\",\"area_active\":\"1\"},{\"area_id\":\"6\",\"area_name\":\"Shah Alam\",\"area_description\":\"Shah Alam\",\"area_active\":\"1\"}]}}"}

2013-10-25T12:00:19Z
{"log_client_id":"98740","log_method":"PRODUCTAREA - GET","log_url":"api\/productarea\/hk\/98740","log_request":"false","log_response":"{\"rc\":0,\"success\":true,\"data\":{\"productarealist\":[{\"area_id\":\"1\",\"area_name\":\"Taguig City\",\"area_description\":\"Taguig City\",\"area_active\":\"1\",\"area_country_id\":\"174\"},{\"area_id\":\"2\",\"area_name\":\"Makati City\",\"area_description\":\"Makati City\",\"area_active\":\"1\",\"area_country_id\":\"174\"}]}}"}

2013-10-25T12:00:24Z
{"log_client_id":"98740","log_method":"PRODUCTAREA - GET","log_url":"api\/productarea\/my\/98740","log_request":"false","log_response":"{\"rc\":0,\"success\":true,\"data\":{\"productarealist\":[{\"area_id\":\"1\",\"area_name\":\"Kuala Lumpur\",\"area_description\":\"KL\",\"area_active\":\"1\"},{\"area_id\":\"2\",\"area_name\":\"Penang\",\"area_description\":\"Penang\",\"area_active\":\"1\"},{\"area_id\":\"3\",\"area_name\":\"Johor Bahru\",\"area_description\":\"Johor Bahru\",\"area_active\":\"1\"},{\"area_id\":\"4\",\"area_name\":\"Kota Kinabalu\",\"area_description\":\"Kota Kinabalu\",\"area_active\":\"1\"},{\"area_id\":\"5\",\"area_name\":\"Shah Alam\",\"area_description\":\"Shah Alam\",\"area_active\":\"1\"},{\"area_id\":\"6\",\"area_name\":\"Shah Alam\",\"area_description\":\"Shah Alam\",\"area_active\":\"1\"}]}}"}

2013-10-25T12:01:32Z
{"log_client_id":"98740","log_method":"PRODUCTAREA - GET","log_url":"api\/productarea\/hk\/98740","log_request":"false","log_response":"{\"rc\":0,\"success\":true,\"data\":{\"productarealist\":[{\"area_id\":\"1\",\"area_name\":\"Taguig City\",\"area_description\":\"Taguig City\",\"area_active\":\"1\",\"area_country_id\":\"174\"},{\"area_id\":\"2\",\"area_name\":\"Makati City\",\"area_description\":\"Makati City\",\"area_active\":\"1\",\"area_country_id\":\"174\"}]}}"}

2013-10-25T12:01:37Z
{"log_client_id":"98740","log_method":"PRODUCTAREA - GET","log_url":"api\/productarea\/my\/98740","log_request":"false","log_response":"{\"rc\":0,\"success\":true,\"data\":{\"productarealist\":[{\"area_id\":\"1\",\"area_name\":\"Kuala Lumpur\",\"area_description\":\"KL\",\"area_active\":\"1\"},{\"area_id\":\"2\",\"area_name\":\"Penang\",\"area_description\":\"Penang\",\"area_active\":\"1\"},{\"area_id\":\"3\",\"area_name\":\"Johor Bahru\",\"area_description\":\"Johor Bahru\",\"area_active\":\"1\"},{\"area_id\":\"4\",\"area_name\":\"Kota Kinabalu\",\"area_description\":\"Kota Kinabalu\",\"area_active\":\"1\"},{\"area_id\":\"5\",\"area_name\":\"Shah Alam\",\"area_description\":\"Shah Alam\",\"area_active\":\"1\"},{\"area_id\":\"6\",\"area_name\":\"Shah Alam\",\"area_description\":\"Shah Alam\",\"area_active\":\"1\"}]}}"}

2013-10-25T12:02:32Z
{"log_client_id":"98740","log_method":"PRODUCTAREA - GET","log_url":"api\/productarea\/hk\/98740","log_request":"false","log_response":"{\"rc\":0,\"success\":true,\"data\":{\"productarealist\":[{\"area_id\":\"1\",\"area_name\":\"Taguig City\",\"area_description\":\"Taguig City\",\"area_active\":\"1\",\"area_country_id\":\"174\"},{\"area_id\":\"2\",\"area_name\":\"Makati City\",\"area_description\":\"Makati City\",\"area_active\":\"1\",\"area_country_id\":\"174\"}]}}"}

2013-10-25T12:02:37Z
{"log_client_id":"98740","log_method":"PRODUCTAREA - GET","log_url":"api\/productarea\/my\/98740","log_request":"false","log_response":"{\"rc\":0,\"success\":true,\"data\":{\"productarealist\":[{\"area_id\":\"1\",\"area_name\":\"Kuala Lumpur\",\"area_description\":\"KL\",\"area_active\":\"1\"},{\"area_id\":\"2\",\"area_name\":\"Penang\",\"area_description\":\"Penang\",\"area_active\":\"1\"},{\"area_id\":\"3\",\"area_name\":\"Johor Bahru\",\"area_description\":\"Johor Bahru\",\"area_active\":\"1\"},{\"area_id\":\"4\",\"area_name\":\"Kota Kinabalu\",\"area_description\":\"Kota Kinabalu\",\"area_active\":\"1\"},{\"area_id\":\"5\",\"area_name\":\"Shah Alam\",\"area_description\":\"Shah Alam\",\"area_active\":\"1\"},{\"area_id\":\"6\",\"area_name\":\"Shah Alam\",\"area_description\":\"Shah Alam\",\"area_active\":\"1\"}]}}"}

2013-10-25T12:02:45Z
{"log_client_id":"98740","log_method":"PRODUCTAREA - GET","log_url":"api\/productarea\/my\/98740","log_request":"false","log_response":"{\"rc\":0,\"success\":true,\"data\":{\"productarealist\":[{\"area_id\":\"1\",\"area_name\":\"Kuala Lumpur\",\"area_description\":\"KL\",\"area_active\":\"1\"},{\"area_id\":\"2\",\"area_name\":\"Penang\",\"area_description\":\"Penang\",\"area_active\":\"1\"},{\"area_id\":\"3\",\"area_name\":\"Johor Bahru\",\"area_description\":\"Johor Bahru\",\"area_active\":\"1\"},{\"area_id\":\"4\",\"area_name\":\"Kota Kinabalu\",\"area_description\":\"Kota Kinabalu\",\"area_active\":\"1\"},{\"area_id\":\"5\",\"area_name\":\"Shah Alam\",\"area_description\":\"Shah Alam\",\"area_active\":\"1\"},{\"area_id\":\"6\",\"area_name\":\"Shah Alam\",\"area_description\":\"Shah Alam\",\"area_active\":\"1\"}]}}"}

2013-10-25T12:03:27Z
{"log_client_id":"98740","log_method":"PRODUCTAREA - GET","log_url":"api\/productarea\/hk\/98740","log_request":"false","log_response":"{\"rc\":0,\"success\":true,\"data\":{\"productarealist\":[{\"area_id\":\"1\",\"area_name\":\"Taguig City\",\"area_description\":\"Taguig City\",\"area_active\":\"1\",\"area_country_id\":\"174\"},{\"area_id\":\"2\",\"area_name\":\"Makati City\",\"area_description\":\"Makati City\",\"area_active\":\"1\",\"area_country_id\":\"174\"}]}}"}

2013-10-25T12:03:27Z
{"log_client_id":"98740","log_method":"PRODUCTAREA - GET","log_url":"api\/productarea\/hk\/98740","log_request":"false","log_response":"{\"rc\":0,\"success\":true,\"data\":{\"productarealist\":[{\"area_id\":\"1\",\"area_name\":\"Taguig City\",\"area_description\":\"Taguig City\",\"area_active\":\"1\",\"area_country_id\":\"174\"},{\"area_id\":\"2\",\"area_name\":\"Makati City\",\"area_description\":\"Makati City\",\"area_active\":\"1\",\"area_country_id\":\"174\"}]}}"}

2013-10-25T12:03:27Z
{"log_client_id":"98740","log_method":"PRODUCTAREA - GET","log_url":"api\/productarea\/hk\/98740","log_request":"false","log_response":"{\"rc\":0,\"success\":true,\"data\":{\"productarealist\":[{\"area_id\":\"1\",\"area_name\":\"Taguig City\",\"area_description\":\"Taguig City\",\"area_active\":\"1\",\"area_country_id\":\"174\"},{\"area_id\":\"2\",\"area_name\":\"Makati City\",\"area_description\":\"Makati City\",\"area_active\":\"1\",\"area_country_id\":\"174\"}]}}"}

2013-10-25T12:03:27Z
{"log_client_id":"98740","log_method":"PRODUCTAREA - GET","log_url":"api\/productarea\/hk\/98740","log_request":"false","log_response":"{\"rc\":0,\"success\":true,\"data\":{\"productarealist\":[{\"area_id\":\"1\",\"area_name\":\"Taguig City\",\"area_description\":\"Taguig City\",\"area_active\":\"1\",\"area_country_id\":\"174\"},{\"area_id\":\"2\",\"area_name\":\"Makati City\",\"area_description\":\"Makati City\",\"area_active\":\"1\",\"area_country_id\":\"174\"}]}}"}

2013-10-25T12:03:50Z
{"log_client_id":"98740","log_method":"PRODUCTAREA - GET","log_url":"api\/productarea\/my\/98740","log_request":"false","log_response":"{\"rc\":0,\"success\":true,\"data\":{\"productarealist\":[{\"area_id\":\"1\",\"area_name\":\"Kuala Lumpur\",\"area_description\":\"KL\",\"area_active\":\"1\"},{\"area_id\":\"2\",\"area_name\":\"Penang\",\"area_description\":\"Penang\",\"area_active\":\"1\"},{\"area_id\":\"3\",\"area_name\":\"Johor Bahru\",\"area_description\":\"Johor Bahru\",\"area_active\":\"1\"},{\"area_id\":\"4\",\"area_name\":\"Kota Kinabalu\",\"area_description\":\"Kota Kinabalu\",\"area_active\":\"1\"},{\"area_id\":\"5\",\"area_name\":\"Shah Alam\",\"area_description\":\"Shah Alam\",\"area_active\":\"1\"},{\"area_id\":\"6\",\"area_name\":\"Shah Alam\",\"area_description\":\"Shah Alam\",\"area_active\":\"1\"}]}}"}

2013-10-25T12:03:53Z
{"log_client_id":"98740","log_method":"PRODUCTAREA - GET","log_url":"api\/productarea\/hk\/98740","log_request":"false","log_response":"{\"rc\":0,\"success\":true,\"data\":{\"productarealist\":[{\"area_id\":\"1\",\"area_name\":\"Taguig City\",\"area_description\":\"Taguig City\",\"area_active\":\"1\",\"area_country_id\":\"174\"},{\"area_id\":\"2\",\"area_name\":\"Makati City\",\"area_description\":\"Makati City\",\"area_active\":\"1\",\"area_country_id\":\"174\"}]}}"}

2013-10-25T12:04:01Z
{"log_client_id":"98740","log_method":"PRODUCTAREA - GET","log_url":"api\/productarea\/my\/98740","log_request":"false","log_response":"{\"rc\":0,\"success\":true,\"data\":{\"productarealist\":[{\"area_id\":\"1\",\"area_name\":\"Kuala Lumpur\",\"area_description\":\"KL\",\"area_active\":\"1\"},{\"area_id\":\"2\",\"area_name\":\"Penang\",\"area_description\":\"Penang\",\"area_active\":\"1\"},{\"area_id\":\"3\",\"area_name\":\"Johor Bahru\",\"area_description\":\"Johor Bahru\",\"area_active\":\"1\"},{\"area_id\":\"4\",\"area_name\":\"Kota Kinabalu\",\"area_description\":\"Kota Kinabalu\",\"area_active\":\"1\"},{\"area_id\":\"5\",\"area_name\":\"Shah Alam\",\"area_description\":\"Shah Alam\",\"area_active\":\"1\"},{\"area_id\":\"6\",\"area_name\":\"Shah Alam\",\"area_description\":\"Shah Alam\",\"area_active\":\"1\"}]}}"}

2013-10-25T12:09:42Z
{"log_client_id":"98740","log_method":"PRODUCTAREA - GET","log_url":"api\/productarea\/hk\/98740","log_request":"false","log_response":"{\"rc\":0,\"success\":true,\"data\":{\"productarealist\":[{\"area_id\":\"1\",\"area_name\":\"Taguig City\",\"area_description\":\"Taguig City\",\"area_active\":\"1\",\"area_country_id\":\"174\"},{\"area_id\":\"2\",\"area_name\":\"Makati City\",\"area_description\":\"Makati City\",\"area_active\":\"1\",\"area_country_id\":\"174\"}]}}"}

2013-10-25T12:11:05Z
{"log_client_id":"98740","log_method":"PRODUCTAREA - GET","log_url":"api\/productarea\/hk\/98740","log_request":"false","log_response":"{\"rc\":0,\"success\":true,\"data\":{\"productarealist\":[{\"area_id\":\"1\",\"area_name\":\"Taguig City\",\"area_description\":\"Taguig City\",\"area_active\":\"1\",\"area_country_id\":\"174\"},{\"area_id\":\"2\",\"area_name\":\"Makati City\",\"area_description\":\"Makati City\",\"area_active\":\"1\",\"area_country_id\":\"174\"}]}}"}

2013-10-25T12:11:14Z
{"log_client_id":"98740","log_method":"PRODUCTAREA - GET","log_url":"api\/productarea\/my\/98740","log_request":"false","log_response":"{\"rc\":0,\"success\":true,\"data\":{\"productarealist\":[{\"area_id\":\"1\",\"area_name\":\"Kuala Lumpur\",\"area_description\":\"KL\",\"area_active\":\"1\"},{\"area_id\":\"2\",\"area_name\":\"Penang\",\"area_description\":\"Penang\",\"area_active\":\"1\"},{\"area_id\":\"3\",\"area_name\":\"Johor Bahru\",\"area_description\":\"Johor Bahru\",\"area_active\":\"1\"},{\"area_id\":\"4\",\"area_name\":\"Kota Kinabalu\",\"area_description\":\"Kota Kinabalu\",\"area_active\":\"1\"},{\"area_id\":\"5\",\"area_name\":\"Shah Alam\",\"area_description\":\"Shah Alam\",\"area_active\":\"1\"},{\"area_id\":\"6\",\"area_name\":\"Shah Alam\",\"area_description\":\"Shah Alam\",\"area_active\":\"1\"}]}}"}

2013-10-25T12:11:39Z
{"log_client_id":"98740","log_method":"PRODUCTAREA - GET","log_url":"api\/productarea\/hk\/98740","log_request":"false","log_response":"{\"rc\":0,\"success\":true,\"data\":{\"productarealist\":[{\"area_id\":\"1\",\"area_name\":\"Taguig City\",\"area_description\":\"Taguig City\",\"area_active\":\"1\",\"area_country_id\":\"174\"},{\"area_id\":\"2\",\"area_name\":\"Makati City\",\"area_description\":\"Makati City\",\"area_active\":\"1\",\"area_country_id\":\"174\"}]}}"}

2013-10-25T12:13:33Z
{"log_client_id":"98740","log_method":"PRODUCTAREA - GET","log_url":"api\/productarea\/hk\/98740","log_request":"false","log_response":"{\"rc\":0,\"success\":true,\"data\":{\"productarealist\":[{\"area_id\":\"1\",\"area_name\":\"Taguig City\",\"area_description\":\"Taguig City\",\"area_active\":\"1\",\"area_country_id\":\"174\"},{\"area_id\":\"2\",\"area_name\":\"Makati City\",\"area_description\":\"Makati City\",\"area_active\":\"1\",\"area_country_id\":\"174\"}]}}"}

2013-10-25T12:13:33Z
{"log_client_id":"98740","log_method":"PRODUCTAREA - GET","log_url":"api\/productarea\/hk\/98740","log_request":"false","log_response":"{\"rc\":0,\"success\":true,\"data\":{\"productarealist\":[{\"area_id\":\"1\",\"area_name\":\"Taguig City\",\"area_description\":\"Taguig City\",\"area_active\":\"1\",\"area_country_id\":\"174\"},{\"area_id\":\"2\",\"area_name\":\"Makati City\",\"area_description\":\"Makati City\",\"area_active\":\"1\",\"area_country_id\":\"174\"}]}}"}

2013-10-25T12:13:33Z
{"log_client_id":"98740","log_method":"PRODUCTAREA - GET","log_url":"api\/productarea\/hk\/98740","log_request":"false","log_response":"{\"rc\":0,\"success\":true,\"data\":{\"productarealist\":[{\"area_id\":\"1\",\"area_name\":\"Taguig City\",\"area_description\":\"Taguig City\",\"area_active\":\"1\",\"area_country_id\":\"174\"},{\"area_id\":\"2\",\"area_name\":\"Makati City\",\"area_description\":\"Makati City\",\"area_active\":\"1\",\"area_country_id\":\"174\"}]}}"}

2013-10-25T12:13:33Z
{"log_client_id":"98740","log_method":"PRODUCTAREA - GET","log_url":"api\/productarea\/hk\/98740","log_request":"false","log_response":"{\"rc\":0,\"success\":true,\"data\":{\"productarealist\":[{\"area_id\":\"1\",\"area_name\":\"Taguig City\",\"area_description\":\"Taguig City\",\"area_active\":\"1\",\"area_country_id\":\"174\"},{\"area_id\":\"2\",\"area_name\":\"Makati City\",\"area_description\":\"Makati City\",\"area_active\":\"1\",\"area_country_id\":\"174\"}]}}"}

2013-10-25T12:13:34Z
{"log_client_id":"98740","log_method":"PRODUCTAREA - GET","log_url":"api\/productarea\/hk\/98740","log_request":"false","log_response":"{\"rc\":0,\"success\":true,\"data\":{\"productarealist\":[{\"area_id\":\"1\",\"area_name\":\"Taguig City\",\"area_description\":\"Taguig City\",\"area_active\":\"1\",\"area_country_id\":\"174\"},{\"area_id\":\"2\",\"area_name\":\"Makati City\",\"area_description\":\"Makati City\",\"area_active\":\"1\",\"area_country_id\":\"174\"}]}}"}

2013-10-25T12:14:13Z
{"log_client_id":"98740","log_method":"PRODUCTAREA - GET","log_url":"api\/productarea\/hk\/98740","log_request":"false","log_response":"{\"rc\":0,\"success\":true,\"data\":{\"productarealist\":[{\"area_id\":\"1\",\"area_name\":\"Taguig City\",\"area_description\":\"Taguig City\",\"area_active\":\"1\",\"area_country_id\":\"174\"},{\"area_id\":\"2\",\"area_name\":\"Makati City\",\"area_description\":\"Makati City\",\"area_active\":\"1\",\"area_country_id\":\"174\"}]}}"}

2013-10-25T12:14:14Z
{"log_client_id":"98740","log_method":"PRODUCTAREA - GET","log_url":"api\/productarea\/hk\/98740","log_request":"false","log_response":"{\"rc\":0,\"success\":true,\"data\":{\"productarealist\":[{\"area_id\":\"1\",\"area_name\":\"Taguig City\",\"area_description\":\"Taguig City\",\"area_active\":\"1\",\"area_country_id\":\"174\"},{\"area_id\":\"2\",\"area_name\":\"Makati City\",\"area_description\":\"Makati City\",\"area_active\":\"1\",\"area_country_id\":\"174\"}]}}"}

2013-10-25T12:14:14Z
{"log_client_id":"98740","log_method":"PRODUCTAREA - GET","log_url":"api\/productarea\/hk\/98740","log_request":"false","log_response":"{\"rc\":0,\"success\":true,\"data\":{\"productarealist\":[{\"area_id\":\"1\",\"area_name\":\"Taguig City\",\"area_description\":\"Taguig City\",\"area_active\":\"1\",\"area_country_id\":\"174\"},{\"area_id\":\"2\",\"area_name\":\"Makati City\",\"area_description\":\"Makati City\",\"area_active\":\"1\",\"area_country_id\":\"174\"}]}}"}

2013-10-25T12:15:16Z
{"log_client_id":"98740","log_method":"PRODUCTAREA - GET","log_url":"api\/productarea\/hk\/98740","log_request":"false","log_response":"{\"rc\":0,\"success\":true,\"data\":{\"productarealist\":[{\"area_id\":\"1\",\"area_name\":\"Taguig City\",\"area_description\":\"Taguig City\",\"area_active\":\"1\",\"area_country_id\":\"174\"},{\"area_id\":\"2\",\"area_name\":\"Makati City\",\"area_description\":\"Makati City\",\"area_active\":\"1\",\"area_country_id\":\"174\"}]}}"}

2013-10-25T12:15:21Z
{"log_client_id":"98740","log_method":"PRODUCTAREA - GET","log_url":"api\/productarea\/my\/98740","log_request":"false","log_response":"{\"rc\":0,\"success\":true,\"data\":{\"productarealist\":[{\"area_id\":\"1\",\"area_name\":\"Kuala Lumpur\",\"area_description\":\"KL\",\"area_active\":\"1\"},{\"area_id\":\"2\",\"area_name\":\"Penang\",\"area_description\":\"Penang\",\"area_active\":\"1\"},{\"area_id\":\"3\",\"area_name\":\"Johor Bahru\",\"area_description\":\"Johor Bahru\",\"area_active\":\"1\"},{\"area_id\":\"4\",\"area_name\":\"Kota Kinabalu\",\"area_description\":\"Kota Kinabalu\",\"area_active\":\"1\"},{\"area_id\":\"5\",\"area_name\":\"Shah Alam\",\"area_description\":\"Shah Alam\",\"area_active\":\"1\"},{\"area_id\":\"6\",\"area_name\":\"Shah Alam\",\"area_description\":\"Shah Alam\",\"area_active\":\"1\"}]}}"}

2013-10-25T12:15:52Z
{"log_client_id":"98740","log_method":"PRODUCTAREA - GET","log_url":"api\/productarea\/hk\/98740","log_request":"false","log_response":"{\"rc\":0,\"success\":true,\"data\":{\"productarealist\":[{\"area_id\":\"1\",\"area_name\":\"Taguig City\",\"area_description\":\"Taguig City\",\"area_active\":\"1\",\"area_country_id\":\"174\"},{\"area_id\":\"2\",\"area_name\":\"Makati City\",\"area_description\":\"Makati City\",\"area_active\":\"1\",\"area_country_id\":\"174\"}]}}"}

2013-10-25T12:16:55Z
{"log_client_id":"98740","log_method":"PRODUCTAREA - GET","log_url":"api\/productarea\/my\/98740","log_request":"false","log_response":"{\"rc\":0,\"success\":true,\"data\":{\"productarealist\":[{\"area_id\":\"1\",\"area_name\":\"Kuala Lumpur\",\"area_description\":\"KL\",\"area_active\":\"1\"},{\"area_id\":\"2\",\"area_name\":\"Penang\",\"area_description\":\"Penang\",\"area_active\":\"1\"},{\"area_id\":\"3\",\"area_name\":\"Johor Bahru\",\"area_description\":\"Johor Bahru\",\"area_active\":\"1\"},{\"area_id\":\"4\",\"area_name\":\"Kota Kinabalu\",\"area_description\":\"Kota Kinabalu\",\"area_active\":\"1\"},{\"area_id\":\"5\",\"area_name\":\"Shah Alam\",\"area_description\":\"Shah Alam\",\"area_active\":\"1\"},{\"area_id\":\"6\",\"area_name\":\"Shah Alam\",\"area_description\":\"Shah Alam\",\"area_active\":\"1\"}]}}"}

2013-10-25T12:17:06Z
{"log_client_id":"98740","log_method":"PRODUCTAREA - GET","log_url":"api\/productarea\/hk\/98740","log_request":"false","log_response":"{\"rc\":0,\"success\":true,\"data\":{\"productarealist\":[{\"area_id\":\"1\",\"area_name\":\"Taguig City\",\"area_description\":\"Taguig City\",\"area_active\":\"1\",\"area_country_id\":\"174\"},{\"area_id\":\"2\",\"area_name\":\"Makati City\",\"area_description\":\"Makati City\",\"area_active\":\"1\",\"area_country_id\":\"174\"}]}}"}

2013-10-25T12:17:11Z
{"log_client_id":"98740","log_method":"PRODUCTAREA - GET","log_url":"api\/productarea\/my\/98740","log_request":"false","log_response":"{\"rc\":0,\"success\":true,\"data\":{\"productarealist\":[{\"area_id\":\"1\",\"area_name\":\"Kuala Lumpur\",\"area_description\":\"KL\",\"area_active\":\"1\"},{\"area_id\":\"2\",\"area_name\":\"Penang\",\"area_description\":\"Penang\",\"area_active\":\"1\"},{\"area_id\":\"3\",\"area_name\":\"Johor Bahru\",\"area_description\":\"Johor Bahru\",\"area_active\":\"1\"},{\"area_id\":\"4\",\"area_name\":\"Kota Kinabalu\",\"area_description\":\"Kota Kinabalu\",\"area_active\":\"1\"},{\"area_id\":\"5\",\"area_name\":\"Shah Alam\",\"area_description\":\"Shah Alam\",\"area_active\":\"1\"},{\"area_id\":\"6\",\"area_name\":\"Shah Alam\",\"area_description\":\"Shah Alam\",\"area_active\":\"1\"}]}}"}

2013-10-25T12:19:18Z
{"log_client_id":"98740","log_method":"PRODUCTAREA - GET","log_url":"api\/productarea\/hk\/98740","log_request":"false","log_response":"{\"rc\":0,\"success\":true,\"data\":{\"productarealist\":[{\"area_id\":\"1\",\"area_name\":\"Taguig City\",\"area_description\":\"Taguig City\",\"area_active\":\"1\",\"area_country_id\":\"174\"},{\"area_id\":\"2\",\"area_name\":\"Makati City\",\"area_description\":\"Makati City\",\"area_active\":\"1\",\"area_country_id\":\"174\"}]}}"}

2013-10-25T12:19:18Z
{"log_client_id":"98740","log_method":"PRODUCTAREA - GET","log_url":"api\/productarea\/hk\/98740","log_request":"false","log_response":"{\"rc\":0,\"success\":true,\"data\":{\"productarealist\":[{\"area_id\":\"1\",\"area_name\":\"Taguig City\",\"area_description\":\"Taguig City\",\"area_active\":\"1\",\"area_country_id\":\"174\"},{\"area_id\":\"2\",\"area_name\":\"Makati City\",\"area_description\":\"Makati City\",\"area_active\":\"1\",\"area_country_id\":\"174\"}]}}"}

2013-10-25T12:19:25Z
{"log_client_id":"98740","log_method":"PRODUCTAREA - GET","log_url":"api\/productarea\/my\/98740","log_request":"false","log_response":"{\"rc\":0,\"success\":true,\"data\":{\"productarealist\":[{\"area_id\":\"1\",\"area_name\":\"Kuala Lumpur\",\"area_description\":\"KL\",\"area_active\":\"1\"},{\"area_id\":\"2\",\"area_name\":\"Penang\",\"area_description\":\"Penang\",\"area_active\":\"1\"},{\"area_id\":\"3\",\"area_name\":\"Johor Bahru\",\"area_description\":\"Johor Bahru\",\"area_active\":\"1\"},{\"area_id\":\"4\",\"area_name\":\"Kota Kinabalu\",\"area_description\":\"Kota Kinabalu\",\"area_active\":\"1\"},{\"area_id\":\"5\",\"area_name\":\"Shah Alam\",\"area_description\":\"Shah Alam\",\"area_active\":\"1\"},{\"area_id\":\"6\",\"area_name\":\"Shah Alam\",\"area_description\":\"Shah Alam\",\"area_active\":\"1\"}]}}"}

2013-10-25T12:23:04Z
{"log_client_id":"98740","log_method":"PRODUCTAREA - GET","log_url":"api\/productarea\/hk\/98740","log_request":"false","log_response":"{\"rc\":0,\"success\":true,\"data\":{\"productarealist\":[{\"area_id\":\"1\",\"area_name\":\"Taguig City\",\"area_description\":\"Taguig City\",\"area_active\":\"1\",\"area_country_id\":\"174\"},{\"area_id\":\"2\",\"area_name\":\"Makati City\",\"area_description\":\"Makati City\",\"area_active\":\"1\",\"area_country_id\":\"174\"}]}}"}

2013-10-25T12:32:52Z
{"log_client_id":"98740","log_method":"PRODUCTAREA - GET","log_url":"api\/productarea\/hk\/98740","log_request":"false","log_response":"{\"rc\":0,\"success\":true,\"data\":{\"productarealist\":[{\"area_id\":\"1\",\"area_name\":\"Taguig City\",\"area_description\":\"Taguig City\",\"area_active\":\"1\",\"area_country_id\":\"174\"},{\"area_id\":\"2\",\"area_name\":\"Makati City\",\"area_description\":\"Makati City\",\"area_active\":\"1\",\"area_country_id\":\"174\"}]}}"}

2013-10-25T12:33:04Z
{"log_client_id":"98740","log_method":"PRODUCTAREA - GET","log_url":"api\/productarea\/hk\/98740","log_request":"false","log_response":"{\"rc\":0,\"success\":true,\"data\":{\"productarealist\":[{\"area_id\":\"1\",\"area_name\":\"Taguig City\",\"area_description\":\"Taguig City\",\"area_active\":\"1\",\"area_country_id\":\"174\"},{\"area_id\":\"2\",\"area_name\":\"Makati City\",\"area_description\":\"Makati City\",\"area_active\":\"1\",\"area_country_id\":\"174\"}]}}"}

2013-10-25T12:33:45Z
{"log_client_id":"98740","log_method":"PRODUCTAREA - GET","log_url":"api\/productarea\/hk\/98740","log_request":"false","log_response":"{\"rc\":0,\"success\":true,\"data\":{\"productarealist\":[{\"area_id\":\"1\",\"area_name\":\"Taguig City\",\"area_description\":\"Taguig City\",\"area_active\":\"1\",\"area_country_id\":\"174\"},{\"area_id\":\"2\",\"area_name\":\"Makati City\",\"area_description\":\"Makati City\",\"area_active\":\"1\",\"area_country_id\":\"174\"},{\"area_id\":\"3\",\"area_name\":\"Victoria City\",\"area_description\":\"Victoria City\",\"area_active\":\"1\",\"area_country_id\":\"99\"}]}}"}

2013-10-25T12:33:55Z
{"log_client_id":"98740","log_method":"PRODUCTAREA - GET","log_url":"api\/productarea\/hk\/98740","log_request":"false","log_response":"{\"rc\":0,\"success\":true,\"data\":{\"productarealist\":[{\"area_id\":\"1\",\"area_name\":\"Taguig City\",\"area_description\":\"Taguig City\",\"area_active\":\"1\",\"area_country_id\":\"174\"},{\"area_id\":\"2\",\"area_name\":\"Makati City\",\"area_description\":\"Makati City\",\"area_active\":\"1\",\"area_country_id\":\"174\"},{\"area_id\":\"3\",\"area_name\":\"Victoria City\",\"area_description\":\"Victoria City\",\"area_active\":\"1\",\"area_country_id\":\"99\"}]}}"}

2013-10-25T12:34:06Z
{"log_client_id":"98740","log_method":"PRODUCTAREA - GET","log_url":"api\/productarea\/my\/98740","log_request":"false","log_response":"{\"rc\":0,\"success\":true,\"data\":{\"productarealist\":[{\"area_id\":\"1\",\"area_name\":\"Kuala Lumpur\",\"area_description\":\"KL\",\"area_active\":\"1\"},{\"area_id\":\"2\",\"area_name\":\"Penang\",\"area_description\":\"Penang\",\"area_active\":\"1\"},{\"area_id\":\"3\",\"area_name\":\"Johor Bahru\",\"area_description\":\"Johor Bahru\",\"area_active\":\"1\"},{\"area_id\":\"4\",\"area_name\":\"Kota Kinabalu\",\"area_description\":\"Kota Kinabalu\",\"area_active\":\"1\"},{\"area_id\":\"5\",\"area_name\":\"Shah Alam\",\"area_description\":\"Shah Alam\",\"area_active\":\"1\"},{\"area_id\":\"6\",\"area_name\":\"Shah Alam\",\"area_description\":\"Shah Alam\",\"area_active\":\"1\"}]}}"}

2013-10-25T12:34:12Z
{"log_client_id":"98740","log_method":"PRODUCTAREA - GET","log_url":"api\/productarea\/my\/98740","log_request":"false","log_response":"{\"rc\":0,\"success\":true,\"data\":{\"productarealist\":[{\"area_id\":\"1\",\"area_name\":\"Kuala Lumpur\",\"area_description\":\"KL\",\"area_active\":\"1\"},{\"area_id\":\"2\",\"area_name\":\"Penang\",\"area_description\":\"Penang\",\"area_active\":\"1\"},{\"area_id\":\"3\",\"area_name\":\"Johor Bahru\",\"area_description\":\"Johor Bahru\",\"area_active\":\"1\"},{\"area_id\":\"4\",\"area_name\":\"Kota Kinabalu\",\"area_description\":\"Kota Kinabalu\",\"area_active\":\"1\"},{\"area_id\":\"5\",\"area_name\":\"Shah Alam\",\"area_description\":\"Shah Alam\",\"area_active\":\"1\"},{\"area_id\":\"6\",\"area_name\":\"Shah Alam\",\"area_description\":\"Shah Alam\",\"area_active\":\"1\"}]}}"}

