2013-10-25T03:08:33Z
{"log_client_id":"98740","log_method":"VERTICALOPTION - POST","log_url":"api\/verticaloption\/hk\/98740","log_request":"{\"product_type_id\":\"1\",\"option_key\":\"Color\",\"option_description\":\"Color\",\"option_autoload\":\"1\"}","log_response":"{\"rc\":0,\"success\":true,\"message\":[\"Vertical Option has been successfully added.\"]}"}

2013-10-25T03:18:21Z
{"log_client_id":"98740","log_method":"VERTICALOPTION - POST","log_url":"api\/verticaloption\/hk\/98740","log_request":"{\"product_type_id\":\"2\",\"option_key\":\"Backpack\",\"option_description\":\"Backpack\",\"option_autoload\":\"1\"}","log_response":"{\"rc\":0,\"success\":true,\"message\":[\"Vertical Option has been successfully added.\"]}"}

2013-10-25T03:22:26Z
{"log_client_id":"98740","log_method":"VERTICALOPTION - POST","log_url":"api\/verticaloption\/hk\/98740","log_request":"{\"product_type_id\":\"1\",\"option_key\":\"Size\",\"option_description\":\"Size\",\"option_autoload\":\"1\"}","log_response":"{\"rc\":0,\"success\":true,\"message\":[\"Vertical Option has been successfully added.\"]}"}

2013-10-25T04:56:54Z
{"log_client_id":"98740","log_method":"VERTICALOPTION - POST","log_url":"api\/verticaloption\/my\/98740","log_request":"{\"product_type_id\":\"2\",\"option_key\":\"Size\",\"option_description\":\"Size\",\"option_autoload\":\"1\"}","log_response":"{\"rc\":0,\"success\":true,\"message\":[\"Vertical Option has been successfully added.\"]}"}

2013-10-25T04:56:54Z
{"log_client_id":"98740","log_method":"VERTICALOPTION - POST","log_url":"api\/verticaloption\/my\/98740","log_request":"{\"product_type_id\":\"2\",\"option_key\":\"Color\",\"option_description\":\"Color\",\"option_autoload\":\"1\"}","log_response":"{\"rc\":0,\"success\":true,\"message\":[\"Vertical Option has been successfully added.\"]}"}

2013-10-25T04:56:54Z
{"log_client_id":"98740","log_method":"VERTICALOPTION - POST","log_url":"api\/verticaloption\/my\/98740","log_request":"{\"product_type_id\":\"2\",\"option_key\":\"Model\",\"option_description\":\"Model\",\"option_autoload\":\"1\"}","log_response":"{\"rc\":0,\"success\":true,\"message\":[\"Vertical Option has been successfully added.\"]}"}

2013-10-25T04:58:01Z
{"log_client_id":"98740","log_method":"VERTICALOPTION - POST","log_url":"api\/verticaloption\/my\/98740","log_request":"{\"product_type_id\":\"1\",\"option_key\":\"Color\",\"option_description\":\"Color\",\"option_autoload\":\"1\"}","log_response":"{\"rc\":0,\"success\":true,\"message\":[\"Vertical Option has been successfully added.\"]}"}

2013-10-25T04:58:01Z
{"log_client_id":"98740","log_method":"VERTICALOPTION - POST","log_url":"api\/verticaloption\/my\/98740","log_request":"{\"product_type_id\":\"1\",\"option_key\":\"Size\",\"option_description\":\"Size\",\"option_autoload\":\"1\"}","log_response":"{\"rc\":0,\"success\":true,\"message\":[\"Vertical Option has been successfully added.\"]}"}

2013-10-25T04:58:01Z
{"log_client_id":"98740","log_method":"VERTICALOPTION - POST","log_url":"api\/verticaloption\/my\/98740","log_request":"{\"product_type_id\":\"1\",\"option_key\":\"Price\",\"option_description\":\"Price\",\"option_autoload\":\"1\"}","log_response":"{\"rc\":0,\"success\":true,\"message\":[\"Vertical Option has been successfully added.\"]}"}

2013-10-25T04:58:02Z
{"log_client_id":"98740","log_method":"VERTICALOPTION - POST","log_url":"api\/verticaloption\/my\/98740","log_request":"{\"product_type_id\":\"1\",\"option_key\":\"Model\",\"option_description\":\"Model\",\"option_autoload\":\"1\"}","log_response":"{\"rc\":0,\"success\":true,\"message\":[\"Vertical Option has been successfully added.\"]}"}

2013-10-25T08:31:04Z
{"log_client_id":"98740","log_method":"VERTICALOPTION - POST","log_url":"api\/verticaloption\/hk\/98740","log_request":"{\"product_type_id\":\"3\",\"option_key\":\"abc\",\"option_description\":\"abc\",\"option_autoload\":\"1\"}","log_response":"{\"rc\":0,\"success\":true,\"message\":[\"Vertical Option has been successfully added.\"]}"}

2013-10-25T08:31:04Z
{"log_client_id":"98740","log_method":"VERTICALOPTION - POST","log_url":"api\/verticaloption\/hk\/98740","log_request":"{\"product_type_id\":\"3\",\"option_key\":\"xyz\",\"option_description\":\"xyz\",\"option_autoload\":\"1\"}","log_response":"{\"rc\":0,\"success\":true,\"message\":[\"Vertical Option has been successfully added.\"]}"}

