2013-10-25T03:15:37Z
{"log_client_id":"98740","log_method":"VERTICALOPTION - GET","log_url":"api\/verticaloption\/hk\/98740\/2","log_request":"false","log_response":"{\"rc\":999,\"success\":false,\"message\":[\"Vertical Option Info: No Records Found.\"]}"}

2013-10-25T03:17:42Z
{"log_client_id":"98740","log_method":"VERTICALOPTION - GET","log_url":"api\/verticaloption\/hk\/98740\/2","log_request":"false","log_response":"{\"rc\":999,\"success\":false,\"message\":[\"Vertical Option Info: No Records Found.\"]}"}

2013-10-25T03:17:56Z
{"log_client_id":"98740","log_method":"VERTICALOPTION - GET","log_url":"api\/verticaloption\/hk\/98740\/2","log_request":"false","log_response":"{\"rc\":999,\"success\":false,\"message\":[\"Vertical Option Info: No Records Found.\"]}"}

2013-10-25T03:19:14Z
{"log_client_id":"98740","log_method":"VERTICALOPTION - GET","log_url":"api\/verticaloption\/hk\/98740\/2","log_request":"false","log_response":"{\"rc\":0,\"success\":true,\"data\":{\"verticaloptioninfo\":[{\"id\":\"2\",\"option_key\":\"Backpack\",\"option_description\":\"Backpack\",\"option_autoload\":\"1\",\"product_type_id\":\"2\"}]}}"}

2013-10-25T03:22:08Z
{"log_client_id":"98740","log_method":"VERTICALOPTION - GET","log_url":"api\/verticaloption\/hk\/98740\/1","log_request":"false","log_response":"{\"rc\":0,\"success\":true,\"data\":{\"verticaloptioninfo\":[{\"id\":\"1\",\"option_key\":\"Color\",\"option_description\":\"Color\",\"option_autoload\":\"1\",\"product_type_id\":\"1\"}]}}"}

2013-10-25T03:22:42Z
{"log_client_id":"98740","log_method":"VERTICALOPTION - GET","log_url":"api\/verticaloption\/hk\/98740\/1","log_request":"false","log_response":"{\"rc\":0,\"success\":true,\"data\":{\"verticaloptioninfo\":[{\"id\":\"1\",\"option_key\":\"Color\",\"option_description\":\"Color\",\"option_autoload\":\"1\",\"product_type_id\":\"1\"},{\"id\":\"3\",\"option_key\":\"Size\",\"option_description\":\"Size\",\"option_autoload\":\"1\",\"product_type_id\":\"1\"}]}}"}

2013-10-25T03:24:20Z
{"log_client_id":"98740","log_method":"VERTICALOPTION - GET","log_url":"api\/verticaloption\/hk\/98740\/1","log_request":"false","log_response":"{\"rc\":0,\"success\":true,\"data\":{\"verticaloptioninfo\":[{\"id\":\"1\",\"option_key\":\"Color\",\"option_description\":\"Color\",\"option_autoload\":\"1\",\"product_type_id\":\"1\"},{\"id\":\"3\",\"option_key\":\"Size\",\"option_description\":\"Size\",\"option_autoload\":\"1\",\"product_type_id\":\"1\"}]}}"}

2013-10-25T03:25:55Z
{"log_client_id":"98740","log_method":"VERTICALOPTION - GET","log_url":"api\/verticaloption\/hk\/98740\/1","log_request":"false","log_response":"{\"rc\":0,\"success\":true,\"data\":{\"verticaloptioninfo\":[{\"id\":\"1\",\"option_key\":\"Color\",\"option_description\":\"Color\",\"option_autoload\":\"1\",\"product_type_id\":\"1\"},{\"id\":\"3\",\"option_key\":\"Size\",\"option_description\":\"Size\",\"option_autoload\":\"1\",\"product_type_id\":\"1\"}]}}"}

2013-10-25T03:27:51Z
{"log_client_id":"98740","log_method":"VERTICALOPTION - GET","log_url":"api\/verticaloption\/hk\/98740\/1","log_request":"false","log_response":"{\"rc\":0,\"success\":true,\"data\":{\"verticaloptioninfo\":[{\"id\":\"1\",\"option_key\":\"Color\",\"option_description\":\"Color\",\"option_autoload\":\"1\",\"product_type_id\":\"1\"},{\"id\":\"3\",\"option_key\":\"Size\",\"option_description\":\"Size\",\"option_autoload\":\"1\",\"product_type_id\":\"1\"}]}}"}

2013-10-25T04:57:18Z
{"log_client_id":"98740","log_method":"VERTICALOPTION - GET","log_url":"api\/verticaloption\/my\/98740\/1","log_request":"false","log_response":"{\"rc\":999,\"success\":false,\"message\":[\"Vertical Option Info: No Records Found.\"]}"}

2013-10-25T04:59:07Z
{"log_client_id":"98740","log_method":"VERTICALOPTION - GET","log_url":"api\/verticaloption\/my\/98740\/2","log_request":"false","log_response":"{\"rc\":0,\"success\":true,\"data\":{\"verticaloptioninfo\":[{\"id\":\"1\",\"option_key\":\"Size\",\"option_description\":\"Size\",\"option_autoload\":\"1\",\"product_type_id\":\"2\"},{\"id\":\"2\",\"option_key\":\"Color\",\"option_description\":\"Color\",\"option_autoload\":\"1\",\"product_type_id\":\"2\"},{\"id\":\"3\",\"option_key\":\"Model\",\"option_description\":\"Model\",\"option_autoload\":\"1\",\"product_type_id\":\"2\"}]}}"}

2013-10-25T04:59:50Z
{"log_client_id":"98740","log_method":"VERTICALOPTION - GET","log_url":"api\/verticaloption\/my\/98740\/2","log_request":"false","log_response":"{\"rc\":0,\"success\":true,\"data\":{\"verticaloptioninfo\":[{\"id\":\"1\",\"option_key\":\"Size\",\"option_description\":\"Size\",\"option_autoload\":\"1\",\"product_type_id\":\"2\"},{\"id\":\"2\",\"option_key\":\"Color\",\"option_description\":\"Color\",\"option_autoload\":\"1\",\"product_type_id\":\"2\"},{\"id\":\"3\",\"option_key\":\"Model\",\"option_description\":\"Model\",\"option_autoload\":\"1\",\"product_type_id\":\"2\"}]}}"}

2013-10-25T05:00:07Z
{"log_client_id":"98740","log_method":"VERTICALOPTION - GET","log_url":"api\/verticaloption\/my\/98740\/1","log_request":"false","log_response":"{\"rc\":0,\"success\":true,\"data\":{\"verticaloptioninfo\":[{\"id\":\"4\",\"option_key\":\"Color\",\"option_description\":\"Color\",\"option_autoload\":\"1\",\"product_type_id\":\"1\"},{\"id\":\"5\",\"option_key\":\"Size\",\"option_description\":\"Size\",\"option_autoload\":\"1\",\"product_type_id\":\"1\"},{\"id\":\"6\",\"option_key\":\"Price\",\"option_description\":\"Price\",\"option_autoload\":\"1\",\"product_type_id\":\"1\"},{\"id\":\"7\",\"option_key\":\"Model\",\"option_description\":\"Model\",\"option_autoload\":\"1\",\"product_type_id\":\"1\"}]}}"}

2013-10-25T05:00:32Z
{"log_client_id":"98740","log_method":"VERTICALOPTION - GET","log_url":"api\/verticaloption\/my\/98740\/2","log_request":"false","log_response":"{\"rc\":0,\"success\":true,\"data\":{\"verticaloptioninfo\":[{\"id\":\"1\",\"option_key\":\"Size\",\"option_description\":\"Size\",\"option_autoload\":\"1\",\"product_type_id\":\"2\"},{\"id\":\"2\",\"option_key\":\"Color\",\"option_description\":\"Color\",\"option_autoload\":\"1\",\"product_type_id\":\"2\"},{\"id\":\"3\",\"option_key\":\"Model\",\"option_description\":\"Model\",\"option_autoload\":\"1\",\"product_type_id\":\"2\"}]}}"}

2013-10-25T07:58:47Z
{"log_client_id":"98740","log_method":"VERTICALOPTION - GET","log_url":"api\/verticaloption\/hk\/98740\/1","log_request":"false","log_response":"{\"rc\":0,\"success\":true,\"data\":{\"verticaloptioninfo\":[{\"id\":\"1\",\"option_key\":\"Color\",\"option_description\":\"Color\",\"option_autoload\":\"1\",\"product_type_id\":\"1\"},{\"id\":\"3\",\"option_key\":\"Size\",\"option_description\":\"Size\",\"option_autoload\":\"1\",\"product_type_id\":\"1\"}]}}"}

2013-10-25T08:01:26Z
{"log_client_id":"98740","log_method":"VERTICALOPTION - GET","log_url":"api\/verticaloption\/hk\/98740\/1","log_request":"false","log_response":"{\"rc\":0,\"success\":true,\"data\":{\"verticaloptioninfo\":[{\"id\":\"1\",\"option_key\":\"Color\",\"option_description\":\"Color\",\"option_autoload\":\"1\",\"product_type_id\":\"1\"},{\"id\":\"3\",\"option_key\":\"Size\",\"option_description\":\"Size\",\"option_autoload\":\"1\",\"product_type_id\":\"1\"}]}}"}

2013-10-25T08:02:49Z
{"log_client_id":"98740","log_method":"VERTICALOPTION - GET","log_url":"api\/verticaloption\/hk\/98740\/1","log_request":"false","log_response":"{\"rc\":0,\"success\":true,\"data\":{\"verticaloptioninfo\":[{\"id\":\"1\",\"option_key\":\"Color\",\"option_description\":\"Color\",\"option_autoload\":\"1\",\"product_type_id\":\"1\"},{\"id\":\"3\",\"option_key\":\"Size\",\"option_description\":\"Size\",\"option_autoload\":\"1\",\"product_type_id\":\"1\"}]}}"}

2013-10-25T08:31:43Z
{"log_client_id":"98740","log_method":"VERTICALOPTION - GET","log_url":"api\/verticaloption\/hk\/98740\/3","log_request":"false","log_response":"{\"rc\":0,\"success\":true,\"data\":{\"verticaloptioninfo\":[{\"id\":\"4\",\"option_key\":\"abc\",\"option_description\":\"abc\",\"option_autoload\":\"1\",\"product_type_id\":\"3\"},{\"id\":\"5\",\"option_key\":\"xyz\",\"option_description\":\"xyz\",\"option_autoload\":\"1\",\"product_type_id\":\"3\"}]}}"}

2013-10-25T08:34:12Z
{"log_client_id":"98740","log_method":"VERTICALOPTION - GET","log_url":"api\/verticaloption\/hk\/98740\/2","log_request":"false","log_response":"{\"rc\":0,\"success\":true,\"data\":{\"verticaloptioninfo\":[{\"id\":\"2\",\"option_key\":\"Backpack\",\"option_description\":\"Backpack\",\"option_autoload\":\"1\",\"product_type_id\":\"2\"}]}}"}

2013-10-25T08:35:00Z
{"log_client_id":"98740","log_method":"VERTICALOPTION - GET","log_url":"api\/verticaloption\/hk\/98740\/2","log_request":"false","log_response":"{\"rc\":0,\"success\":true,\"data\":{\"verticaloptioninfo\":[{\"id\":\"2\",\"option_key\":\"Backpack\",\"option_description\":\"Backpack\",\"option_autoload\":\"1\",\"product_type_id\":\"2\"}]}}"}

2013-10-25T08:50:32Z
{"log_client_id":"98740","log_method":"VERTICALOPTION - GET","log_url":"api\/verticaloption\/hk\/98740\/2","log_request":"false","log_response":"{\"rc\":0,\"success\":true,\"data\":{\"verticaloptioninfo\":[{\"id\":\"2\",\"option_key\":\"Backpack\",\"option_description\":\"Backpack\",\"option_autoload\":\"1\",\"product_type_id\":\"2\"}]}}"}

2013-10-25T08:52:07Z
{"log_client_id":"98740","log_method":"VERTICALOPTION - GET","log_url":"api\/verticaloption\/hk\/98740\/2","log_request":"false","log_response":"{\"rc\":0,\"success\":true,\"data\":{\"verticaloptioninfo\":[{\"id\":\"2\",\"option_key\":\"Backpack\",\"option_description\":\"Backpack\",\"option_autoload\":\"1\",\"product_type_id\":\"2\"}]}}"}

2013-10-25T08:56:15Z
{"log_client_id":"98740","log_method":"VERTICALOPTION - GET","log_url":"api\/verticaloption\/hk\/98740\/2","log_request":"false","log_response":"{\"rc\":0,\"success\":true,\"data\":{\"verticaloptioninfo\":[{\"id\":\"2\",\"option_key\":\"Backpack\",\"option_description\":\"Backpack\",\"option_autoload\":\"1\",\"product_type_id\":\"2\"}]}}"}

2013-10-25T08:57:44Z
{"log_client_id":"98740","log_method":"VERTICALOPTION - GET","log_url":"api\/verticaloption\/hk\/98740\/2","log_request":"false","log_response":"{\"rc\":0,\"success\":true,\"data\":{\"verticaloptioninfo\":[{\"id\":\"2\",\"option_key\":\"Backpack\",\"option_description\":\"Backpack\",\"option_autoload\":\"1\",\"product_type_id\":\"2\"}]}}"}

2013-10-25T08:58:10Z
{"log_client_id":"98740","log_method":"VERTICALOPTION - GET","log_url":"api\/verticaloption\/hk\/98740\/2","log_request":"false","log_response":"{\"rc\":0,\"success\":true,\"data\":{\"verticaloptioninfo\":[{\"id\":\"2\",\"option_key\":\"Backpack\",\"option_description\":\"Backpack\",\"option_autoload\":\"1\",\"product_type_id\":\"2\"}]}}"}

2013-10-25T09:00:06Z
{"log_client_id":"98740","log_method":"VERTICALOPTION - GET","log_url":"api\/verticaloption\/hk\/98740\/2","log_request":"false","log_response":"{\"rc\":0,\"success\":true,\"data\":{\"verticaloptioninfo\":[{\"id\":\"2\",\"option_key\":\"Backpack\",\"option_description\":\"Backpack\",\"option_autoload\":\"1\",\"product_type_id\":\"2\"}]}}"}

